2024-03-27 00:48:25.863 EDT - [main] - INFO - com.busakie.avro.MainApplication [50] - Starting MainApplication using Java 21 with PID 22436 (E:\Workspace\avro-message-generator\target\classes started by Bashkar Sampath in E:\Workspace\avro-message-generator)
2024-03-27 00:48:25.867 EDT - [main] - INFO - com.busakie.avro.MainApplication [654] - No active profile set, falling back to 1 default profile: "default"
2024-03-27 00:48:26.439 EDT - [main] - INFO - o.s.b.w.e.tomcat.TomcatWebServer [109] - Tomcat initialized with port 8443 (http)
2024-03-27 00:48:26.446 EDT - [main] - INFO - o.a.catalina.core.StandardService [173] - Starting service [Tomcat]
2024-03-27 00:48:26.446 EDT - [main] - INFO - o.a.catalina.core.StandardEngine [173] - Starting Servlet engine: [Apache Tomcat/10.1.19]
2024-03-27 00:48:26.481 EDT - [main] - INFO - o.a.c.c.C.[Tomcat].[localhost].[/] [173] - Initializing Spring embedded WebApplicationContext
2024-03-27 00:48:26.482 EDT - [main] - INFO - o.s.b.w.s.c.ServletWebServerApplicationContext [296] - Root WebApplicationContext: initialization completed in 589 ms
2024-03-27 00:48:26.786 EDT - [main] - INFO - o.s.b.a.e.web.EndpointLinksResolver [58] - Exposing 1 endpoint(s) beneath base path '/actuator'
2024-03-27 00:48:26.825 EDT - [main] - INFO - o.s.b.w.e.tomcat.TomcatWebServer [241] - Tomcat started on port 8443 (http) with context path ''
2024-03-27 00:48:26.832 EDT - [main] - INFO - com.busakie.avro.MainApplication [56] - Started MainApplication in 1.223 seconds (process running for 1.575)
2024-03-27 00:48:52.874 EDT - [http-nio-8443-exec-2] - INFO - o.a.c.c.C.[Tomcat].[localhost].[/] [173] - Initializing Spring DispatcherServlet 'dispatcherServlet'
2024-03-27 00:50:30.248 EDT - [RMI TCP Connection(6)-127.0.0.1] - INFO - o.s.b.a.SpringApplicationAdminMXBeanRegistrar$SpringApplicationAdmin [159] - Application shutdown requested.
2024-03-27 00:50:31.581 EDT - [main] - INFO - com.busakie.avro.MainApplication [50] - Starting MainApplication using Java 21 with PID 20468 (E:\Workspace\avro-message-generator\target\classes started by Bashkar Sampath in E:\Workspace\avro-message-generator)
2024-03-27 00:50:31.586 EDT - [main] - INFO - com.busakie.avro.MainApplication [654] - No active profile set, falling back to 1 default profile: "default"
2024-03-27 00:50:32.149 EDT - [main] - INFO - o.s.b.w.e.tomcat.TomcatWebServer [109] - Tomcat initialized with port 8443 (http)
2024-03-27 00:50:32.155 EDT - [main] - INFO - o.a.catalina.core.StandardService [173] - Starting service [Tomcat]
2024-03-27 00:50:32.155 EDT - [main] - INFO - o.a.catalina.core.StandardEngine [173] - Starting Servlet engine: [Apache Tomcat/10.1.19]
2024-03-27 00:50:32.187 EDT - [main] - INFO - o.a.c.c.C.[Tomcat].[localhost].[/] [173] - Initializing Spring embedded WebApplicationContext
2024-03-27 00:50:32.187 EDT - [main] - INFO - o.s.b.w.s.c.ServletWebServerApplicationContext [296] - Root WebApplicationContext: initialization completed in 574 ms
2024-03-27 00:50:32.472 EDT - [main] - INFO - o.s.b.a.e.web.EndpointLinksResolver [58] - Exposing 1 endpoint(s) beneath base path '/actuator'
2024-03-27 00:50:32.507 EDT - [main] - INFO - o.s.b.w.e.tomcat.TomcatWebServer [241] - Tomcat started on port 8443 (http) with context path ''
2024-03-27 00:50:32.514 EDT - [main] - INFO - com.busakie.avro.MainApplication [56] - Started MainApplication in 1.186 seconds (process running for 1.532)
2024-03-27 00:50:58.006 EDT - [RMI TCP Connection(2)-127.0.0.1] - INFO - o.s.b.a.SpringApplicationAdminMXBeanRegistrar$SpringApplicationAdmin [159] - Application shutdown requested.
2024-03-27 00:51:00.220 EDT - [main] - INFO - com.busakie.avro.MainApplication [50] - Starting MainApplication using Java 21 with PID 6524 (E:\Workspace\avro-message-generator\target\classes started by Bashkar Sampath in E:\Workspace\avro-message-generator)
2024-03-27 00:51:00.222 EDT - [main] - INFO - com.busakie.avro.MainApplication [654] - No active profile set, falling back to 1 default profile: "default"
2024-03-27 00:51:00.825 EDT - [main] - INFO - o.s.b.w.e.tomcat.TomcatWebServer [109] - Tomcat initialized with port 8443 (http)
2024-03-27 00:51:00.833 EDT - [main] - INFO - o.a.catalina.core.StandardService [173] - Starting service [Tomcat]
2024-03-27 00:51:00.833 EDT - [main] - INFO - o.a.catalina.core.StandardEngine [173] - Starting Servlet engine: [Apache Tomcat/10.1.19]
2024-03-27 00:51:00.869 EDT - [main] - INFO - o.a.c.c.C.[Tomcat].[localhost].[/] [173] - Initializing Spring embedded WebApplicationContext
2024-03-27 00:51:00.869 EDT - [main] - INFO - o.s.b.w.s.c.ServletWebServerApplicationContext [296] - Root WebApplicationContext: initialization completed in 619 ms
2024-03-27 00:51:06.087 EDT - [main] - INFO - o.s.b.a.e.web.EndpointLinksResolver [58] - Exposing 1 endpoint(s) beneath base path '/actuator'
2024-03-27 00:51:06.122 EDT - [main] - INFO - o.s.b.w.e.tomcat.TomcatWebServer [241] - Tomcat started on port 8443 (http) with context path ''
2024-03-27 00:51:06.129 EDT - [main] - INFO - com.busakie.avro.MainApplication [56] - Started MainApplication in 6.179 seconds (process running for 6.738)
2024-03-27 00:51:11.700 EDT - [http-nio-8443-exec-1] - INFO - o.a.c.c.C.[Tomcat].[localhost].[/] [173] - Initializing Spring DispatcherServlet 'dispatcherServlet'
2024-03-27 00:52:22.236 EDT - [main] - INFO - com.busakie.avro.MainApplication [50] - Starting MainApplication using Java 21 with PID 20900 (E:\Workspace\avro-message-generator\target\classes started by Bashkar Sampath in E:\Workspace\avro-message-generator)
2024-03-27 00:52:22.241 EDT - [main] - INFO - com.busakie.avro.MainApplication [654] - No active profile set, falling back to 1 default profile: "default"
2024-03-27 00:52:22.970 EDT - [main] - INFO - o.s.b.w.e.tomcat.TomcatWebServer [109] - Tomcat initialized with port 8443 (http)
2024-03-27 00:52:22.977 EDT - [main] - INFO - o.a.catalina.core.StandardService [173] - Starting service [Tomcat]
2024-03-27 00:52:22.977 EDT - [main] - INFO - o.a.catalina.core.StandardEngine [173] - Starting Servlet engine: [Apache Tomcat/10.1.19]
2024-03-27 00:52:23.017 EDT - [main] - INFO - o.a.c.c.C.[Tomcat].[localhost].[/] [173] - Initializing Spring embedded WebApplicationContext
2024-03-27 00:52:23.017 EDT - [main] - INFO - o.s.b.w.s.c.ServletWebServerApplicationContext [296] - Root WebApplicationContext: initialization completed in 748 ms
2024-03-27 00:52:23.219 EDT - [main] - INFO - o.s.b.a.e.web.EndpointLinksResolver [58] - Exposing 1 endpoint(s) beneath base path '/actuator'
2024-03-27 00:52:32.798 EDT - [main] - INFO - o.s.b.w.e.tomcat.TomcatWebServer [241] - Tomcat started on port 8443 (http) with context path ''
2024-03-27 00:52:32.807 EDT - [main] - INFO - com.busakie.avro.MainApplication [56] - Started MainApplication in 10.864 seconds (process running for 11.329)
2024-03-27 00:52:38.160 EDT - [http-nio-8443-exec-1] - INFO - o.a.c.c.C.[Tomcat].[localhost].[/] [173] - Initializing Spring DispatcherServlet 'dispatcherServlet'
2024-03-27 00:52:38.359 EDT - [http-nio-8443-exec-1] - INFO - o.s.api.AbstractOpenApiResource [390] - Init duration for springdoc-openapi is: 170 ms
2024-03-27 00:52:57.750 EDT - [http-nio-8443-exec-10] - INFO - o.s.api.AbstractOpenApiResource [390] - Init duration for springdoc-openapi is: 43 ms
2024-03-27 00:53:03.962 EDT - [http-nio-8443-exec-1] - ERROR- o.a.c.c.C.[.[.[.[dispatcherServlet] [175] - Servlet.service() for servlet [dispatcherServlet] in context with path [] threw exception [Request processing failed: org.apache.avro.AvroRuntimeException: Not a Specific class: class com.busakie.avro.RequestModel] with root cause
org.apache.avro.AvroRuntimeException: Not a Specific class: class com.busakie.avro.RequestModel
	at org.apache.avro.specific.SpecificData.createSchema(SpecificData.java:423)
	at org.apache.avro.specific.SpecificData.lambda$new$3(SpecificData.java:357)
	at org.apache.avro.util.internal.ClassValueCache$1.computeValue(ClassValueCache.java:35)
	at java.base/java.lang.ClassValue.getFromHashMap(ClassValue.java:229)
	at java.base/java.lang.ClassValue.getFromBackup(ClassValue.java:211)
	at java.base/java.lang.ClassValue.get(ClassValue.java:117)
	at org.apache.avro.util.internal.ClassValueCache.apply(ClassValueCache.java:45)
	at org.apache.avro.specific.SpecificData.getSchema(SpecificData.java:366)
	at com.busakie.avro.MainApplication.downloadAvroSchema(MainApplication.java:74)
	at java.base/jdk.internal.reflect.DirectMethodHandleAccessor.invoke(DirectMethodHandleAccessor.java:103)
	at java.base/java.lang.reflect.Method.invoke(Method.java:580)
	at org.springframework.web.method.support.InvocableHandlerMethod.doInvoke(InvocableHandlerMethod.java:255)
	at org.springframework.web.method.support.InvocableHandlerMethod.invokeForRequest(InvocableHandlerMethod.java:188)
	at org.springframework.web.servlet.mvc.method.annotation.ServletInvocableHandlerMethod.invokeAndHandle(ServletInvocableHandlerMethod.java:118)
	at org.springframework.web.servlet.mvc.method.annotation.RequestMappingHandlerAdapter.invokeHandlerMethod(RequestMappingHandlerAdapter.java:925)
	at org.springframework.web.servlet.mvc.method.annotation.RequestMappingHandlerAdapter.handleInternal(RequestMappingHandlerAdapter.java:830)
	at org.springframework.web.servlet.mvc.method.AbstractHandlerMethodAdapter.handle(AbstractHandlerMethodAdapter.java:87)
	at org.springframework.web.servlet.DispatcherServlet.doDispatch(DispatcherServlet.java:1089)
	at org.springframework.web.servlet.DispatcherServlet.doService(DispatcherServlet.java:979)
	at org.springframework.web.servlet.FrameworkServlet.processRequest(FrameworkServlet.java:1014)
	at org.springframework.web.servlet.FrameworkServlet.doGet(FrameworkServlet.java:903)
	at jakarta.servlet.http.HttpServlet.service(HttpServlet.java:564)
	at org.springframework.web.servlet.FrameworkServlet.service(FrameworkServlet.java:885)
	at jakarta.servlet.http.HttpServlet.service(HttpServlet.java:658)
	at org.apache.catalina.core.ApplicationFilterChain.internalDoFilter(ApplicationFilterChain.java:205)
	at org.apache.catalina.core.ApplicationFilterChain.doFilter(ApplicationFilterChain.java:149)
	at org.apache.tomcat.websocket.server.WsFilter.doFilter(WsFilter.java:51)
	at org.apache.catalina.core.ApplicationFilterChain.internalDoFilter(ApplicationFilterChain.java:174)
	at org.apache.catalina.core.ApplicationFilterChain.doFilter(ApplicationFilterChain.java:149)
	at org.springframework.web.filter.RequestContextFilter.doFilterInternal(RequestContextFilter.java:100)
	at org.springframework.web.filter.OncePerRequestFilter.doFilter(OncePerRequestFilter.java:116)
	at org.apache.catalina.core.ApplicationFilterChain.internalDoFilter(ApplicationFilterChain.java:174)
	at org.apache.catalina.core.ApplicationFilterChain.doFilter(ApplicationFilterChain.java:149)
	at org.springframework.web.filter.FormContentFilter.doFilterInternal(FormContentFilter.java:93)
	at org.springframework.web.filter.OncePerRequestFilter.doFilter(OncePerRequestFilter.java:116)
	at org.apache.catalina.core.ApplicationFilterChain.internalDoFilter(ApplicationFilterChain.java:174)
	at org.apache.catalina.core.ApplicationFilterChain.doFilter(ApplicationFilterChain.java:149)
	at org.springframework.web.filter.ServerHttpObservationFilter.doFilterInternal(ServerHttpObservationFilter.java:109)
	at org.springframework.web.filter.OncePerRequestFilter.doFilter(OncePerRequestFilter.java:116)
	at org.apache.catalina.core.ApplicationFilterChain.internalDoFilter(ApplicationFilterChain.java:174)
	at org.apache.catalina.core.ApplicationFilterChain.doFilter(ApplicationFilterChain.java:149)
	at org.springframework.web.filter.CharacterEncodingFilter.doFilterInternal(CharacterEncodingFilter.java:201)
	at org.springframework.web.filter.OncePerRequestFilter.doFilter(OncePerRequestFilter.java:116)
	at org.apache.catalina.core.ApplicationFilterChain.internalDoFilter(ApplicationFilterChain.java:174)
	at org.apache.catalina.core.ApplicationFilterChain.doFilter(ApplicationFilterChain.java:149)
	at org.apache.catalina.core.StandardWrapperValve.invoke(StandardWrapperValve.java:167)
	at org.apache.catalina.core.StandardContextValve.invoke(StandardContextValve.java:90)
	at org.apache.catalina.authenticator.AuthenticatorBase.invoke(AuthenticatorBase.java:482)
	at org.apache.catalina.core.StandardHostValve.invoke(StandardHostValve.java:115)
	at org.apache.catalina.valves.ErrorReportValve.invoke(ErrorReportValve.java:93)
	at org.apache.catalina.core.StandardEngineValve.invoke(StandardEngineValve.java:74)
	at org.apache.catalina.connector.CoyoteAdapter.service(CoyoteAdapter.java:344)
	at org.apache.coyote.http11.Http11Processor.service(Http11Processor.java:391)
	at org.apache.coyote.AbstractProcessorLight.process(AbstractProcessorLight.java:63)
	at org.apache.coyote.AbstractProtocol$ConnectionHandler.process(AbstractProtocol.java:896)
	at org.apache.tomcat.util.net.NioEndpoint$SocketProcessor.doRun(NioEndpoint.java:1744)
	at org.apache.tomcat.util.net.SocketProcessorBase.run(SocketProcessorBase.java:52)
	at org.apache.tomcat.util.threads.ThreadPoolExecutor.runWorker(ThreadPoolExecutor.java:1191)
	at org.apache.tomcat.util.threads.ThreadPoolExecutor$Worker.run(ThreadPoolExecutor.java:659)
	at org.apache.tomcat.util.threads.TaskThread$WrappingRunnable.run(TaskThread.java:63)
	at java.base/java.lang.Thread.run(Thread.java:1583)
2024-03-27 00:53:57.614 EDT - [main] - INFO - com.busakie.avro.MainApplication [50] - Starting MainApplication using Java 21 with PID 18032 (E:\Workspace\avro-message-generator\target\classes started by Bashkar Sampath in E:\Workspace\avro-message-generator)
2024-03-27 00:53:57.619 EDT - [main] - INFO - com.busakie.avro.MainApplication [654] - No active profile set, falling back to 1 default profile: "default"
2024-03-27 00:53:58.302 EDT - [main] - INFO - o.s.b.w.e.tomcat.TomcatWebServer [109] - Tomcat initialized with port 8443 (http)
2024-03-27 00:53:58.309 EDT - [main] - INFO - o.a.catalina.core.StandardService [173] - Starting service [Tomcat]
2024-03-27 00:53:58.309 EDT - [main] - INFO - o.a.catalina.core.StandardEngine [173] - Starting Servlet engine: [Apache Tomcat/10.1.19]
2024-03-27 00:53:58.344 EDT - [main] - INFO - o.a.c.c.C.[Tomcat].[localhost].[/] [173] - Initializing Spring embedded WebApplicationContext
2024-03-27 00:53:58.345 EDT - [main] - INFO - o.s.b.w.s.c.ServletWebServerApplicationContext [296] - Root WebApplicationContext: initialization completed in 699 ms
2024-03-27 00:53:58.552 EDT - [main] - INFO - o.s.b.a.e.web.EndpointLinksResolver [58] - Exposing 1 endpoint(s) beneath base path '/actuator'
2024-03-27 00:53:58.806 EDT - [main] - INFO - o.s.b.w.e.tomcat.TomcatWebServer [241] - Tomcat started on port 8443 (http) with context path ''
2024-03-27 00:53:58.815 EDT - [main] - INFO - com.busakie.avro.MainApplication [56] - Started MainApplication in 1.468 seconds (process running for 1.905)
2024-03-27 00:54:15.367 EDT - [http-nio-8443-exec-1] - INFO - o.a.c.c.C.[Tomcat].[localhost].[/] [173] - Initializing Spring DispatcherServlet 'dispatcherServlet'
2024-03-27 00:54:15.912 EDT - [http-nio-8443-exec-9] - INFO - o.s.api.AbstractOpenApiResource [390] - Init duration for springdoc-openapi is: 167 ms
2024-03-27 00:54:18.892 EDT - [http-nio-8443-exec-10] - ERROR- o.a.c.c.C.[.[.[.[dispatcherServlet] [175] - Servlet.service() for servlet [dispatcherServlet] in context with path [] threw exception [Request processing failed: org.apache.avro.AvroRuntimeException: Not a Specific class: class com.busakie.avro.RequestModel] with root cause
org.apache.avro.AvroRuntimeException: Not a Specific class: class com.busakie.avro.RequestModel
	at org.apache.avro.specific.SpecificData.createSchema(SpecificData.java:423)
	at org.apache.avro.specific.SpecificData.lambda$new$3(SpecificData.java:357)
	at org.apache.avro.util.internal.ClassValueCache$1.computeValue(ClassValueCache.java:35)
	at java.base/java.lang.ClassValue.getFromHashMap(ClassValue.java:229)
	at java.base/java.lang.ClassValue.getFromBackup(ClassValue.java:211)
	at java.base/java.lang.ClassValue.get(ClassValue.java:117)
	at org.apache.avro.util.internal.ClassValueCache.apply(ClassValueCache.java:45)
	at org.apache.avro.specific.SpecificData.getSchema(SpecificData.java:366)
	at com.busakie.avro.MainApplication.downloadAvroSchema(MainApplication.java:74)
	at java.base/jdk.internal.reflect.DirectMethodHandleAccessor.invoke(DirectMethodHandleAccessor.java:103)
	at java.base/java.lang.reflect.Method.invoke(Method.java:580)
	at org.springframework.web.method.support.InvocableHandlerMethod.doInvoke(InvocableHandlerMethod.java:255)
	at org.springframework.web.method.support.InvocableHandlerMethod.invokeForRequest(InvocableHandlerMethod.java:188)
	at org.springframework.web.servlet.mvc.method.annotation.ServletInvocableHandlerMethod.invokeAndHandle(ServletInvocableHandlerMethod.java:118)
	at org.springframework.web.servlet.mvc.method.annotation.RequestMappingHandlerAdapter.invokeHandlerMethod(RequestMappingHandlerAdapter.java:925)
	at org.springframework.web.servlet.mvc.method.annotation.RequestMappingHandlerAdapter.handleInternal(RequestMappingHandlerAdapter.java:830)
	at org.springframework.web.servlet.mvc.method.AbstractHandlerMethodAdapter.handle(AbstractHandlerMethodAdapter.java:87)
	at org.springframework.web.servlet.DispatcherServlet.doDispatch(DispatcherServlet.java:1089)
	at org.springframework.web.servlet.DispatcherServlet.doService(DispatcherServlet.java:979)
	at org.springframework.web.servlet.FrameworkServlet.processRequest(FrameworkServlet.java:1014)
	at org.springframework.web.servlet.FrameworkServlet.doGet(FrameworkServlet.java:903)
	at jakarta.servlet.http.HttpServlet.service(HttpServlet.java:564)
	at org.springframework.web.servlet.FrameworkServlet.service(FrameworkServlet.java:885)
	at jakarta.servlet.http.HttpServlet.service(HttpServlet.java:658)
	at org.apache.catalina.core.ApplicationFilterChain.internalDoFilter(ApplicationFilterChain.java:205)
	at org.apache.catalina.core.ApplicationFilterChain.doFilter(ApplicationFilterChain.java:149)
	at org.apache.tomcat.websocket.server.WsFilter.doFilter(WsFilter.java:51)
	at org.apache.catalina.core.ApplicationFilterChain.internalDoFilter(ApplicationFilterChain.java:174)
	at org.apache.catalina.core.ApplicationFilterChain.doFilter(ApplicationFilterChain.java:149)
	at org.springframework.web.filter.RequestContextFilter.doFilterInternal(RequestContextFilter.java:100)
	at org.springframework.web.filter.OncePerRequestFilter.doFilter(OncePerRequestFilter.java:116)
	at org.apache.catalina.core.ApplicationFilterChain.internalDoFilter(ApplicationFilterChain.java:174)
	at org.apache.catalina.core.ApplicationFilterChain.doFilter(ApplicationFilterChain.java:149)
	at org.springframework.web.filter.FormContentFilter.doFilterInternal(FormContentFilter.java:93)
	at org.springframework.web.filter.OncePerRequestFilter.doFilter(OncePerRequestFilter.java:116)
	at org.apache.catalina.core.ApplicationFilterChain.internalDoFilter(ApplicationFilterChain.java:174)
	at org.apache.catalina.core.ApplicationFilterChain.doFilter(ApplicationFilterChain.java:149)
	at org.springframework.web.filter.ServerHttpObservationFilter.doFilterInternal(ServerHttpObservationFilter.java:109)
	at org.springframework.web.filter.OncePerRequestFilter.doFilter(OncePerRequestFilter.java:116)
	at org.apache.catalina.core.ApplicationFilterChain.internalDoFilter(ApplicationFilterChain.java:174)
	at org.apache.catalina.core.ApplicationFilterChain.doFilter(ApplicationFilterChain.java:149)
	at org.springframework.web.filter.CharacterEncodingFilter.doFilterInternal(CharacterEncodingFilter.java:201)
	at org.springframework.web.filter.OncePerRequestFilter.doFilter(OncePerRequestFilter.java:116)
	at org.apache.catalina.core.ApplicationFilterChain.internalDoFilter(ApplicationFilterChain.java:174)
	at org.apache.catalina.core.ApplicationFilterChain.doFilter(ApplicationFilterChain.java:149)
	at org.apache.catalina.core.StandardWrapperValve.invoke(StandardWrapperValve.java:167)
	at org.apache.catalina.core.StandardContextValve.invoke(StandardContextValve.java:90)
	at org.apache.catalina.authenticator.AuthenticatorBase.invoke(AuthenticatorBase.java:482)
	at org.apache.catalina.core.StandardHostValve.invoke(StandardHostValve.java:115)
	at org.apache.catalina.valves.ErrorReportValve.invoke(ErrorReportValve.java:93)
	at org.apache.catalina.core.StandardEngineValve.invoke(StandardEngineValve.java:74)
	at org.apache.catalina.connector.CoyoteAdapter.service(CoyoteAdapter.java:344)
	at org.apache.coyote.http11.Http11Processor.service(Http11Processor.java:391)
	at org.apache.coyote.AbstractProcessorLight.process(AbstractProcessorLight.java:63)
	at org.apache.coyote.AbstractProtocol$ConnectionHandler.process(AbstractProtocol.java:896)
	at org.apache.tomcat.util.net.NioEndpoint$SocketProcessor.doRun(NioEndpoint.java:1744)
	at org.apache.tomcat.util.net.SocketProcessorBase.run(SocketProcessorBase.java:52)
	at org.apache.tomcat.util.threads.ThreadPoolExecutor.runWorker(ThreadPoolExecutor.java:1191)
	at org.apache.tomcat.util.threads.ThreadPoolExecutor$Worker.run(ThreadPoolExecutor.java:659)
	at org.apache.tomcat.util.threads.TaskThread$WrappingRunnable.run(TaskThread.java:63)
	at java.base/java.lang.Thread.run(Thread.java:1583)
2024-03-27 00:59:52.337 EDT - [main] - INFO - com.busakie.avro.MainApplication [50] - Starting MainApplication using Java 21 with PID 9400 (E:\Workspace\avro-message-generator\target\classes started by Bashkar Sampath in E:\Workspace\avro-message-generator)
2024-03-27 00:59:52.342 EDT - [main] - INFO - com.busakie.avro.MainApplication [654] - No active profile set, falling back to 1 default profile: "default"
2024-03-27 00:59:53.033 EDT - [main] - INFO - o.s.b.w.e.tomcat.TomcatWebServer [109] - Tomcat initialized with port 8443 (http)
2024-03-27 00:59:53.040 EDT - [main] - INFO - o.a.catalina.core.StandardService [173] - Starting service [Tomcat]
2024-03-27 00:59:53.040 EDT - [main] - INFO - o.a.catalina.core.StandardEngine [173] - Starting Servlet engine: [Apache Tomcat/10.1.19]
2024-03-27 00:59:53.075 EDT - [main] - INFO - o.a.c.c.C.[Tomcat].[localhost].[/] [173] - Initializing Spring embedded WebApplicationContext
2024-03-27 00:59:53.075 EDT - [main] - INFO - o.s.b.w.s.c.ServletWebServerApplicationContext [296] - Root WebApplicationContext: initialization completed in 705 ms
2024-03-27 00:59:53.276 EDT - [main] - INFO - o.s.b.a.e.web.EndpointLinksResolver [58] - Exposing 1 endpoint(s) beneath base path '/actuator'
2024-03-27 00:59:53.521 EDT - [main] - INFO - o.s.b.w.e.tomcat.TomcatWebServer [241] - Tomcat started on port 8443 (http) with context path ''
2024-03-27 00:59:53.529 EDT - [main] - INFO - com.busakie.avro.MainApplication [56] - Started MainApplication in 1.457 seconds (process running for 1.88)
2024-03-27 00:59:56.501 EDT - [http-nio-8443-exec-1] - INFO - o.a.c.c.C.[Tomcat].[localhost].[/] [173] - Initializing Spring DispatcherServlet 'dispatcherServlet'
2024-03-27 01:00:51.285 EDT - [main] - INFO - com.busakie.avro.MainApplication [50] - Starting MainApplication using Java 21 with PID 8968 (E:\Workspace\avro-message-generator\target\classes started by Bashkar Sampath in E:\Workspace\avro-message-generator)
2024-03-27 01:00:51.286 EDT - [main] - INFO - com.busakie.avro.MainApplication [654] - No active profile set, falling back to 1 default profile: "default"
2024-03-27 01:00:51.953 EDT - [main] - INFO - o.s.b.w.e.tomcat.TomcatWebServer [109] - Tomcat initialized with port 8443 (http)
2024-03-27 01:00:51.960 EDT - [main] - INFO - o.a.catalina.core.StandardService [173] - Starting service [Tomcat]
2024-03-27 01:00:51.960 EDT - [main] - INFO - o.a.catalina.core.StandardEngine [173] - Starting Servlet engine: [Apache Tomcat/10.1.19]
2024-03-27 01:00:51.993 EDT - [main] - INFO - o.a.c.c.C.[Tomcat].[localhost].[/] [173] - Initializing Spring embedded WebApplicationContext
2024-03-27 01:00:51.993 EDT - [main] - INFO - o.s.b.w.s.c.ServletWebServerApplicationContext [296] - Root WebApplicationContext: initialization completed in 680 ms
2024-03-27 01:00:52.183 EDT - [main] - INFO - o.s.b.a.e.web.EndpointLinksResolver [58] - Exposing 1 endpoint(s) beneath base path '/actuator'
2024-03-27 01:00:52.429 EDT - [main] - INFO - o.s.b.w.e.tomcat.TomcatWebServer [241] - Tomcat started on port 8443 (http) with context path ''
2024-03-27 01:00:52.437 EDT - [main] - INFO - com.busakie.avro.MainApplication [56] - Started MainApplication in 1.413 seconds (process running for 1.822)
2024-03-27 01:01:12.062 EDT - [http-nio-8443-exec-1] - INFO - o.a.c.c.C.[Tomcat].[localhost].[/] [173] - Initializing Spring DispatcherServlet 'dispatcherServlet'
2024-03-27 01:07:15.790 EDT - [main] - INFO - com.busakie.avro.MainApplication [50] - Starting MainApplication using Java 21 with PID 22484 (E:\Workspace\avro-message-generator\target\classes started by Bashkar Sampath in E:\Workspace\avro-message-generator)
2024-03-27 01:07:15.795 EDT - [main] - INFO - com.busakie.avro.MainApplication [654] - No active profile set, falling back to 1 default profile: "default"
2024-03-27 01:07:16.465 EDT - [main] - INFO - o.s.b.w.e.tomcat.TomcatWebServer [109] - Tomcat initialized with port 8443 (http)
2024-03-27 01:07:16.472 EDT - [main] - INFO - o.a.catalina.core.StandardService [173] - Starting service [Tomcat]
2024-03-27 01:07:16.472 EDT - [main] - INFO - o.a.catalina.core.StandardEngine [173] - Starting Servlet engine: [Apache Tomcat/10.1.19]
2024-03-27 01:07:16.506 EDT - [main] - INFO - o.a.c.c.C.[Tomcat].[localhost].[/] [173] - Initializing Spring embedded WebApplicationContext
2024-03-27 01:07:16.506 EDT - [main] - INFO - o.s.b.w.s.c.ServletWebServerApplicationContext [296] - Root WebApplicationContext: initialization completed in 686 ms
2024-03-27 01:07:16.711 EDT - [main] - INFO - o.s.b.a.e.web.EndpointLinksResolver [58] - Exposing 1 endpoint(s) beneath base path '/actuator'
2024-03-27 01:07:16.957 EDT - [main] - INFO - o.s.b.w.e.tomcat.TomcatWebServer [241] - Tomcat started on port 8443 (http) with context path ''
2024-03-27 01:07:16.966 EDT - [main] - INFO - com.busakie.avro.MainApplication [56] - Started MainApplication in 1.44 seconds (process running for 1.879)
2024-03-27 01:07:28.342 EDT - [http-nio-8443-exec-2] - INFO - o.a.c.c.C.[Tomcat].[localhost].[/] [173] - Initializing Spring DispatcherServlet 'dispatcherServlet'
2024-03-27 01:07:39.595 EDT - [http-nio-8443-exec-1] - INFO - com.busakie.avro.MainApplication [61] - AvroJson: {"age":27,"name":"Bashkar","phoneNumber":6472004440}
2024-03-27 01:09:38.289 EDT - [main] - INFO - com.busakie.avro.MainApplication [50] - Starting MainApplication using Java 21 with PID 3112 (E:\Workspace\avro-message-generator\target\classes started by Bashkar Sampath in E:\Workspace\avro-message-generator)
2024-03-27 01:09:38.293 EDT - [main] - INFO - com.busakie.avro.MainApplication [654] - No active profile set, falling back to 1 default profile: "default"
2024-03-27 01:09:38.962 EDT - [main] - INFO - o.s.b.w.e.tomcat.TomcatWebServer [109] - Tomcat initialized with port 8443 (http)
2024-03-27 01:09:38.969 EDT - [main] - INFO - o.a.catalina.core.StandardService [173] - Starting service [Tomcat]
2024-03-27 01:09:38.970 EDT - [main] - INFO - o.a.catalina.core.StandardEngine [173] - Starting Servlet engine: [Apache Tomcat/10.1.19]
2024-03-27 01:09:39.004 EDT - [main] - INFO - o.a.c.c.C.[Tomcat].[localhost].[/] [173] - Initializing Spring embedded WebApplicationContext
2024-03-27 01:09:39.004 EDT - [main] - INFO - o.s.b.w.s.c.ServletWebServerApplicationContext [296] - Root WebApplicationContext: initialization completed in 685 ms
2024-03-27 01:09:39.209 EDT - [main] - INFO - o.s.b.a.e.web.EndpointLinksResolver [58] - Exposing 1 endpoint(s) beneath base path '/actuator'
2024-03-27 01:09:39.455 EDT - [main] - INFO - o.s.b.w.e.tomcat.TomcatWebServer [241] - Tomcat started on port 8443 (http) with context path ''
2024-03-27 01:09:39.464 EDT - [main] - INFO - com.busakie.avro.MainApplication [56] - Started MainApplication in 1.44 seconds (process running for 1.877)
2024-03-27 01:09:46.029 EDT - [http-nio-8443-exec-1] - INFO - o.a.c.c.C.[Tomcat].[localhost].[/] [173] - Initializing Spring DispatcherServlet 'dispatcherServlet'
2024-03-27 01:09:46.111 EDT - [http-nio-8443-exec-1] - INFO - com.busakie.avro.MainApplication [61] - AvroJson: {"age":27,"name":"Bashkar","phoneNumber":6472004440}
2024-03-27 01:09:46.121 EDT - [http-nio-8443-exec-1] - ERROR- o.a.c.c.C.[.[.[.[dispatcherServlet] [175] - Servlet.service() for servlet [dispatcherServlet] in context with path [] threw exception [Request processing failed: org.apache.avro.file.DataFileWriter$AppendWriteException: java.lang.NullPointerException: null in com.busakie.avro.RequestModel] with root cause
java.lang.NullPointerException: Cannot invoke "org.apache.avro.reflect.FieldAccessor.get(Object)" because the return value of "org.apache.avro.reflect.ReflectData.getAccessorForField(Object, String, int, Object)" is null
	at org.apache.avro.reflect.ReflectData.getField(ReflectData.java:262)
	at org.apache.avro.generic.GenericDatumWriter.writeField(GenericDatumWriter.java:243)
	at org.apache.avro.specific.SpecificDatumWriter.writeField(SpecificDatumWriter.java:117)
	at org.apache.avro.reflect.ReflectDatumWriter.writeField(ReflectDatumWriter.java:184)
	at org.apache.avro.generic.GenericDatumWriter.writeRecord(GenericDatumWriter.java:234)
	at org.apache.avro.specific.SpecificDatumWriter.writeRecord(SpecificDatumWriter.java:92)
	at org.apache.avro.generic.GenericDatumWriter.writeWithoutConversion(GenericDatumWriter.java:145)
	at org.apache.avro.generic.GenericDatumWriter.write(GenericDatumWriter.java:95)
	at org.apache.avro.reflect.ReflectDatumWriter.write(ReflectDatumWriter.java:158)
	at org.apache.avro.generic.GenericDatumWriter.write(GenericDatumWriter.java:82)
	at org.apache.avro.file.DataFileWriter.append(DataFileWriter.java:314)
	at com.busakie.avro.MainApplication.downloadAvroMessages(MainApplication.java:67)
	at java.base/jdk.internal.reflect.DirectMethodHandleAccessor.invoke(DirectMethodHandleAccessor.java:103)
	at java.base/java.lang.reflect.Method.invoke(Method.java:580)
	at org.springframework.web.method.support.InvocableHandlerMethod.doInvoke(InvocableHandlerMethod.java:255)
	at org.springframework.web.method.support.InvocableHandlerMethod.invokeForRequest(InvocableHandlerMethod.java:188)
	at org.springframework.web.servlet.mvc.method.annotation.ServletInvocableHandlerMethod.invokeAndHandle(ServletInvocableHandlerMethod.java:118)
	at org.springframework.web.servlet.mvc.method.annotation.RequestMappingHandlerAdapter.invokeHandlerMethod(RequestMappingHandlerAdapter.java:925)
	at org.springframework.web.servlet.mvc.method.annotation.RequestMappingHandlerAdapter.handleInternal(RequestMappingHandlerAdapter.java:830)
	at org.springframework.web.servlet.mvc.method.AbstractHandlerMethodAdapter.handle(AbstractHandlerMethodAdapter.java:87)
	at org.springframework.web.servlet.DispatcherServlet.doDispatch(DispatcherServlet.java:1089)
	at org.springframework.web.servlet.DispatcherServlet.doService(DispatcherServlet.java:979)
	at org.springframework.web.servlet.FrameworkServlet.processRequest(FrameworkServlet.java:1014)
	at org.springframework.web.servlet.FrameworkServlet.doPost(FrameworkServlet.java:914)
	at jakarta.servlet.http.HttpServlet.service(HttpServlet.java:590)
	at org.springframework.web.servlet.FrameworkServlet.service(FrameworkServlet.java:885)
	at jakarta.servlet.http.HttpServlet.service(HttpServlet.java:658)
	at org.apache.catalina.core.ApplicationFilterChain.internalDoFilter(ApplicationFilterChain.java:205)
	at org.apache.catalina.core.ApplicationFilterChain.doFilter(ApplicationFilterChain.java:149)
	at org.apache.tomcat.websocket.server.WsFilter.doFilter(WsFilter.java:51)
	at org.apache.catalina.core.ApplicationFilterChain.internalDoFilter(ApplicationFilterChain.java:174)
	at org.apache.catalina.core.ApplicationFilterChain.doFilter(ApplicationFilterChain.java:149)
	at org.springframework.web.filter.RequestContextFilter.doFilterInternal(RequestContextFilter.java:100)
	at org.springframework.web.filter.OncePerRequestFilter.doFilter(OncePerRequestFilter.java:116)
	at org.apache.catalina.core.ApplicationFilterChain.internalDoFilter(ApplicationFilterChain.java:174)
	at org.apache.catalina.core.ApplicationFilterChain.doFilter(ApplicationFilterChain.java:149)
	at org.springframework.web.filter.FormContentFilter.doFilterInternal(FormContentFilter.java:93)
	at org.springframework.web.filter.OncePerRequestFilter.doFilter(OncePerRequestFilter.java:116)
	at org.apache.catalina.core.ApplicationFilterChain.internalDoFilter(ApplicationFilterChain.java:174)
	at org.apache.catalina.core.ApplicationFilterChain.doFilter(ApplicationFilterChain.java:149)
	at org.springframework.web.filter.ServerHttpObservationFilter.doFilterInternal(ServerHttpObservationFilter.java:109)
	at org.springframework.web.filter.OncePerRequestFilter.doFilter(OncePerRequestFilter.java:116)
	at org.apache.catalina.core.ApplicationFilterChain.internalDoFilter(ApplicationFilterChain.java:174)
	at org.apache.catalina.core.ApplicationFilterChain.doFilter(ApplicationFilterChain.java:149)
	at org.springframework.web.filter.CharacterEncodingFilter.doFilterInternal(CharacterEncodingFilter.java:201)
	at org.springframework.web.filter.OncePerRequestFilter.doFilter(OncePerRequestFilter.java:116)
	at org.apache.catalina.core.ApplicationFilterChain.internalDoFilter(ApplicationFilterChain.java:174)
	at org.apache.catalina.core.ApplicationFilterChain.doFilter(ApplicationFilterChain.java:149)
	at org.apache.catalina.core.StandardWrapperValve.invoke(StandardWrapperValve.java:167)
	at org.apache.catalina.core.StandardContextValve.invoke(StandardContextValve.java:90)
	at org.apache.catalina.authenticator.AuthenticatorBase.invoke(AuthenticatorBase.java:482)
	at org.apache.catalina.core.StandardHostValve.invoke(StandardHostValve.java:115)
	at org.apache.catalina.valves.ErrorReportValve.invoke(ErrorReportValve.java:93)
	at org.apache.catalina.core.StandardEngineValve.invoke(StandardEngineValve.java:74)
	at org.apache.catalina.connector.CoyoteAdapter.service(CoyoteAdapter.java:344)
	at org.apache.coyote.http11.Http11Processor.service(Http11Processor.java:391)
	at org.apache.coyote.AbstractProcessorLight.process(AbstractProcessorLight.java:63)
	at org.apache.coyote.AbstractProtocol$ConnectionHandler.process(AbstractProtocol.java:896)
	at org.apache.tomcat.util.net.NioEndpoint$SocketProcessor.doRun(NioEndpoint.java:1744)
	at org.apache.tomcat.util.net.SocketProcessorBase.run(SocketProcessorBase.java:52)
	at org.apache.tomcat.util.threads.ThreadPoolExecutor.runWorker(ThreadPoolExecutor.java:1191)
	at org.apache.tomcat.util.threads.ThreadPoolExecutor$Worker.run(ThreadPoolExecutor.java:659)
	at org.apache.tomcat.util.threads.TaskThread$WrappingRunnable.run(TaskThread.java:63)
	at java.base/java.lang.Thread.run(Thread.java:1583)
2024-03-27 01:11:00.136 EDT - [main] - INFO - com.busakie.avro.MainApplication [50] - Starting MainApplication using Java 21 with PID 22220 (E:\Workspace\avro-message-generator\target\classes started by Bashkar Sampath in E:\Workspace\avro-message-generator)
2024-03-27 01:11:00.141 EDT - [main] - INFO - com.busakie.avro.MainApplication [654] - No active profile set, falling back to 1 default profile: "default"
2024-03-27 01:11:00.802 EDT - [main] - INFO - o.s.b.w.e.tomcat.TomcatWebServer [109] - Tomcat initialized with port 8443 (http)
2024-03-27 01:11:00.809 EDT - [main] - INFO - o.a.catalina.core.StandardService [173] - Starting service [Tomcat]
2024-03-27 01:11:00.809 EDT - [main] - INFO - o.a.catalina.core.StandardEngine [173] - Starting Servlet engine: [Apache Tomcat/10.1.19]
2024-03-27 01:11:00.842 EDT - [main] - INFO - o.a.c.c.C.[Tomcat].[localhost].[/] [173] - Initializing Spring embedded WebApplicationContext
2024-03-27 01:11:00.843 EDT - [main] - INFO - o.s.b.w.s.c.ServletWebServerApplicationContext [296] - Root WebApplicationContext: initialization completed in 674 ms
2024-03-27 01:11:01.042 EDT - [main] - INFO - o.s.b.a.e.web.EndpointLinksResolver [58] - Exposing 1 endpoint(s) beneath base path '/actuator'
2024-03-27 01:11:01.287 EDT - [main] - INFO - o.s.b.w.e.tomcat.TomcatWebServer [241] - Tomcat started on port 8443 (http) with context path ''
2024-03-27 01:11:01.296 EDT - [main] - INFO - com.busakie.avro.MainApplication [56] - Started MainApplication in 1.427 seconds (process running for 1.848)
2024-03-27 01:11:04.189 EDT - [http-nio-8443-exec-1] - INFO - o.a.c.c.C.[Tomcat].[localhost].[/] [173] - Initializing Spring DispatcherServlet 'dispatcherServlet'
2024-03-27 01:11:04.289 EDT - [http-nio-8443-exec-1] - INFO - com.busakie.avro.MainApplication [62] - AvroJson: {"age":27,"name":"Bashkar","phoneNumber":6472004440}
2024-03-27 01:11:04.299 EDT - [http-nio-8443-exec-1] - ERROR- o.a.c.c.C.[.[.[.[dispatcherServlet] [175] - Servlet.service() for servlet [dispatcherServlet] in context with path [] threw exception [Request processing failed: org.apache.avro.file.DataFileWriter$AppendWriteException: java.lang.ClassCastException: value {"age":27,"name":"Bashkar","phoneNumber":6472004440} (a java.lang.String) cannot be cast to expected type RequestModel] with root cause
java.lang.ClassCastException: class java.lang.String cannot be cast to class org.apache.avro.generic.IndexedRecord (java.lang.String is in module java.base of loader 'bootstrap'; org.apache.avro.generic.IndexedRecord is in unnamed module of loader 'app')
	at org.apache.avro.generic.GenericData.getField(GenericData.java:860)
	at org.apache.avro.generic.GenericData.getField(GenericData.java:879)
	at org.apache.avro.generic.GenericDatumWriter.writeField(GenericDatumWriter.java:243)
	at org.apache.avro.specific.SpecificDatumWriter.writeField(SpecificDatumWriter.java:117)
	at org.apache.avro.generic.GenericDatumWriter.writeRecord(GenericDatumWriter.java:234)
	at org.apache.avro.specific.SpecificDatumWriter.writeRecord(SpecificDatumWriter.java:92)
	at org.apache.avro.generic.GenericDatumWriter.writeWithoutConversion(GenericDatumWriter.java:145)
	at org.apache.avro.generic.GenericDatumWriter.write(GenericDatumWriter.java:95)
	at org.apache.avro.generic.GenericDatumWriter.write(GenericDatumWriter.java:82)
	at org.apache.avro.file.DataFileWriter.append(DataFileWriter.java:314)
	at com.busakie.avro.MainApplication.downloadAvroMessages(MainApplication.java:68)
	at java.base/jdk.internal.reflect.DirectMethodHandleAccessor.invoke(DirectMethodHandleAccessor.java:103)
	at java.base/java.lang.reflect.Method.invoke(Method.java:580)
	at org.springframework.web.method.support.InvocableHandlerMethod.doInvoke(InvocableHandlerMethod.java:255)
	at org.springframework.web.method.support.InvocableHandlerMethod.invokeForRequest(InvocableHandlerMethod.java:188)
	at org.springframework.web.servlet.mvc.method.annotation.ServletInvocableHandlerMethod.invokeAndHandle(ServletInvocableHandlerMethod.java:118)
	at org.springframework.web.servlet.mvc.method.annotation.RequestMappingHandlerAdapter.invokeHandlerMethod(RequestMappingHandlerAdapter.java:925)
	at org.springframework.web.servlet.mvc.method.annotation.RequestMappingHandlerAdapter.handleInternal(RequestMappingHandlerAdapter.java:830)
	at org.springframework.web.servlet.mvc.method.AbstractHandlerMethodAdapter.handle(AbstractHandlerMethodAdapter.java:87)
	at org.springframework.web.servlet.DispatcherServlet.doDispatch(DispatcherServlet.java:1089)
	at org.springframework.web.servlet.DispatcherServlet.doService(DispatcherServlet.java:979)
	at org.springframework.web.servlet.FrameworkServlet.processRequest(FrameworkServlet.java:1014)
	at org.springframework.web.servlet.FrameworkServlet.doPost(FrameworkServlet.java:914)
	at jakarta.servlet.http.HttpServlet.service(HttpServlet.java:590)
	at org.springframework.web.servlet.FrameworkServlet.service(FrameworkServlet.java:885)
	at jakarta.servlet.http.HttpServlet.service(HttpServlet.java:658)
	at org.apache.catalina.core.ApplicationFilterChain.internalDoFilter(ApplicationFilterChain.java:205)
	at org.apache.catalina.core.ApplicationFilterChain.doFilter(ApplicationFilterChain.java:149)
	at org.apache.tomcat.websocket.server.WsFilter.doFilter(WsFilter.java:51)
	at org.apache.catalina.core.ApplicationFilterChain.internalDoFilter(ApplicationFilterChain.java:174)
	at org.apache.catalina.core.ApplicationFilterChain.doFilter(ApplicationFilterChain.java:149)
	at org.springframework.web.filter.RequestContextFilter.doFilterInternal(RequestContextFilter.java:100)
	at org.springframework.web.filter.OncePerRequestFilter.doFilter(OncePerRequestFilter.java:116)
	at org.apache.catalina.core.ApplicationFilterChain.internalDoFilter(ApplicationFilterChain.java:174)
	at org.apache.catalina.core.ApplicationFilterChain.doFilter(ApplicationFilterChain.java:149)
	at org.springframework.web.filter.FormContentFilter.doFilterInternal(FormContentFilter.java:93)
	at org.springframework.web.filter.OncePerRequestFilter.doFilter(OncePerRequestFilter.java:116)
	at org.apache.catalina.core.ApplicationFilterChain.internalDoFilter(ApplicationFilterChain.java:174)
	at org.apache.catalina.core.ApplicationFilterChain.doFilter(ApplicationFilterChain.java:149)
	at org.springframework.web.filter.ServerHttpObservationFilter.doFilterInternal(ServerHttpObservationFilter.java:109)
	at org.springframework.web.filter.OncePerRequestFilter.doFilter(OncePerRequestFilter.java:116)
	at org.apache.catalina.core.ApplicationFilterChain.internalDoFilter(ApplicationFilterChain.java:174)
	at org.apache.catalina.core.ApplicationFilterChain.doFilter(ApplicationFilterChain.java:149)
	at org.springframework.web.filter.CharacterEncodingFilter.doFilterInternal(CharacterEncodingFilter.java:201)
	at org.springframework.web.filter.OncePerRequestFilter.doFilter(OncePerRequestFilter.java:116)
	at org.apache.catalina.core.ApplicationFilterChain.internalDoFilter(ApplicationFilterChain.java:174)
	at org.apache.catalina.core.ApplicationFilterChain.doFilter(ApplicationFilterChain.java:149)
	at org.apache.catalina.core.StandardWrapperValve.invoke(StandardWrapperValve.java:167)
	at org.apache.catalina.core.StandardContextValve.invoke(StandardContextValve.java:90)
	at org.apache.catalina.authenticator.AuthenticatorBase.invoke(AuthenticatorBase.java:482)
	at org.apache.catalina.core.StandardHostValve.invoke(StandardHostValve.java:115)
	at org.apache.catalina.valves.ErrorReportValve.invoke(ErrorReportValve.java:93)
	at org.apache.catalina.core.StandardEngineValve.invoke(StandardEngineValve.java:74)
	at org.apache.catalina.connector.CoyoteAdapter.service(CoyoteAdapter.java:344)
	at org.apache.coyote.http11.Http11Processor.service(Http11Processor.java:391)
	at org.apache.coyote.AbstractProcessorLight.process(AbstractProcessorLight.java:63)
	at org.apache.coyote.AbstractProtocol$ConnectionHandler.process(AbstractProtocol.java:896)
	at org.apache.tomcat.util.net.NioEndpoint$SocketProcessor.doRun(NioEndpoint.java:1744)
	at org.apache.tomcat.util.net.SocketProcessorBase.run(SocketProcessorBase.java:52)
	at org.apache.tomcat.util.threads.ThreadPoolExecutor.runWorker(ThreadPoolExecutor.java:1191)
	at org.apache.tomcat.util.threads.ThreadPoolExecutor$Worker.run(ThreadPoolExecutor.java:659)
	at org.apache.tomcat.util.threads.TaskThread$WrappingRunnable.run(TaskThread.java:63)
	at java.base/java.lang.Thread.run(Thread.java:1583)
2024-03-27 01:27:16.704 EDT - [main] - INFO - com.busakie.avro.MainApplication [50] - Starting MainApplication using Java 21 with PID 21112 (E:\Workspace\avro-message-generator\target\classes started by Bashkar Sampath in E:\Workspace\avro-message-generator)
2024-03-27 01:27:16.708 EDT - [main] - INFO - com.busakie.avro.MainApplication [654] - No active profile set, falling back to 1 default profile: "default"
2024-03-27 01:27:17.388 EDT - [main] - INFO - o.s.b.w.e.tomcat.TomcatWebServer [109] - Tomcat initialized with port 8443 (http)
2024-03-27 01:27:17.394 EDT - [main] - INFO - o.a.catalina.core.StandardService [173] - Starting service [Tomcat]
2024-03-27 01:27:17.395 EDT - [main] - INFO - o.a.catalina.core.StandardEngine [173] - Starting Servlet engine: [Apache Tomcat/10.1.19]
2024-03-27 01:27:17.427 EDT - [main] - INFO - o.a.c.c.C.[Tomcat].[localhost].[/] [173] - Initializing Spring embedded WebApplicationContext
2024-03-27 01:27:17.428 EDT - [main] - INFO - o.s.b.w.s.c.ServletWebServerApplicationContext [296] - Root WebApplicationContext: initialization completed in 693 ms
2024-03-27 01:27:17.618 EDT - [main] - INFO - o.s.b.a.e.web.EndpointLinksResolver [58] - Exposing 1 endpoint(s) beneath base path '/actuator'
2024-03-27 01:27:17.855 EDT - [main] - INFO - o.s.b.w.e.tomcat.TomcatWebServer [241] - Tomcat started on port 8443 (http) with context path ''
2024-03-27 01:27:17.864 EDT - [main] - INFO - com.busakie.avro.MainApplication [56] - Started MainApplication in 1.424 seconds (process running for 1.859)
2024-03-27 01:27:23.685 EDT - [http-nio-8443-exec-1] - INFO - o.a.c.c.C.[Tomcat].[localhost].[/] [173] - Initializing Spring DispatcherServlet 'dispatcherServlet'
2024-03-27 01:27:24.245 EDT - [http-nio-8443-exec-9] - INFO - o.s.api.AbstractOpenApiResource [390] - Init duration for springdoc-openapi is: 177 ms
2024-03-27 01:27:43.754 EDT - [http-nio-8443-exec-1] - INFO - com.busakie.avro.MainApplication [65] - AvroJson: {"age":0,"name":"string","phoneNumber":0}
2024-03-27 01:29:22.943 EDT - [main] - INFO - com.busakie.avro.MainApplication [50] - Starting MainApplication using Java 21 with PID 13652 (E:\Workspace\avro-message-generator\target\classes started by Bashkar Sampath in E:\Workspace\avro-message-generator)
2024-03-27 01:29:22.947 EDT - [main] - INFO - com.busakie.avro.MainApplication [654] - No active profile set, falling back to 1 default profile: "default"
2024-03-27 01:29:23.642 EDT - [main] - INFO - o.s.b.w.e.tomcat.TomcatWebServer [109] - Tomcat initialized with port 8443 (http)
2024-03-27 01:29:23.649 EDT - [main] - INFO - o.a.catalina.core.StandardService [173] - Starting service [Tomcat]
2024-03-27 01:29:23.649 EDT - [main] - INFO - o.a.catalina.core.StandardEngine [173] - Starting Servlet engine: [Apache Tomcat/10.1.19]
2024-03-27 01:29:23.682 EDT - [main] - INFO - o.a.c.c.C.[Tomcat].[localhost].[/] [173] - Initializing Spring embedded WebApplicationContext
2024-03-27 01:29:23.682 EDT - [main] - INFO - o.s.b.w.s.c.ServletWebServerApplicationContext [296] - Root WebApplicationContext: initialization completed in 708 ms
2024-03-27 01:29:23.891 EDT - [main] - INFO - o.s.b.a.e.web.EndpointLinksResolver [58] - Exposing 1 endpoint(s) beneath base path '/actuator'
2024-03-27 01:29:24.126 EDT - [main] - INFO - o.s.b.w.e.tomcat.TomcatWebServer [241] - Tomcat started on port 8443 (http) with context path ''
2024-03-27 01:29:24.135 EDT - [main] - INFO - com.busakie.avro.MainApplication [56] - Started MainApplication in 1.461 seconds (process running for 1.883)
2024-03-27 01:29:29.145 EDT - [http-nio-8443-exec-1] - INFO - o.a.c.c.C.[Tomcat].[localhost].[/] [173] - Initializing Spring DispatcherServlet 'dispatcherServlet'
2024-03-27 01:29:29.711 EDT - [http-nio-8443-exec-4] - INFO - o.s.api.AbstractOpenApiResource [390] - Init duration for springdoc-openapi is: 166 ms
2024-03-27 01:29:50.942 EDT - [http-nio-8443-exec-6] - INFO - com.busakie.avro.MainApplication [65] - AvroJson: {"age":0,"name":"string","phoneNumber":{"long":0}}
2024-03-27 01:30:10.076 EDT - [http-nio-8443-exec-7] - INFO - com.busakie.avro.MainApplication [65] - AvroJson: {"age":0,"name":"string","phoneNumber":{"long":0}}
2024-03-27 01:30:10.085 EDT - [http-nio-8443-exec-7] - ERROR- o.a.c.c.C.[.[.[.[dispatcherServlet] [175] - Servlet.service() for servlet [dispatcherServlet] in context with path [] threw exception [Request processing failed: org.apache.avro.file.DataFileWriter$AppendWriteException: java.lang.ClassCastException: value {"age":0,"name":"string","phoneNumber":{"long":0}} (a java.lang.String) cannot be cast to expected type RequestModel] with root cause
java.lang.ClassCastException: class java.lang.String cannot be cast to class org.apache.avro.generic.IndexedRecord (java.lang.String is in module java.base of loader 'bootstrap'; org.apache.avro.generic.IndexedRecord is in unnamed module of loader 'app')
	at org.apache.avro.generic.GenericData.getField(GenericData.java:860)
	at org.apache.avro.generic.GenericData.getField(GenericData.java:879)
	at org.apache.avro.generic.GenericDatumWriter.writeField(GenericDatumWriter.java:243)
	at org.apache.avro.specific.SpecificDatumWriter.writeField(SpecificDatumWriter.java:117)
	at org.apache.avro.generic.GenericDatumWriter.writeRecord(GenericDatumWriter.java:234)
	at org.apache.avro.specific.SpecificDatumWriter.writeRecord(SpecificDatumWriter.java:92)
	at org.apache.avro.generic.GenericDatumWriter.writeWithoutConversion(GenericDatumWriter.java:145)
	at org.apache.avro.generic.GenericDatumWriter.write(GenericDatumWriter.java:95)
	at org.apache.avro.generic.GenericDatumWriter.write(GenericDatumWriter.java:82)
	at org.apache.avro.file.DataFileWriter.append(DataFileWriter.java:314)
	at com.busakie.avro.MainApplication.downloadAvroMessages(MainApplication.java:84)
	at java.base/jdk.internal.reflect.DirectMethodHandleAccessor.invoke(DirectMethodHandleAccessor.java:103)
	at java.base/java.lang.reflect.Method.invoke(Method.java:580)
	at org.springframework.web.method.support.InvocableHandlerMethod.doInvoke(InvocableHandlerMethod.java:255)
	at org.springframework.web.method.support.InvocableHandlerMethod.invokeForRequest(InvocableHandlerMethod.java:188)
	at org.springframework.web.servlet.mvc.method.annotation.ServletInvocableHandlerMethod.invokeAndHandle(ServletInvocableHandlerMethod.java:118)
	at org.springframework.web.servlet.mvc.method.annotation.RequestMappingHandlerAdapter.invokeHandlerMethod(RequestMappingHandlerAdapter.java:925)
	at org.springframework.web.servlet.mvc.method.annotation.RequestMappingHandlerAdapter.handleInternal(RequestMappingHandlerAdapter.java:830)
	at org.springframework.web.servlet.mvc.method.AbstractHandlerMethodAdapter.handle(AbstractHandlerMethodAdapter.java:87)
	at org.springframework.web.servlet.DispatcherServlet.doDispatch(DispatcherServlet.java:1089)
	at org.springframework.web.servlet.DispatcherServlet.doService(DispatcherServlet.java:979)
	at org.springframework.web.servlet.FrameworkServlet.processRequest(FrameworkServlet.java:1014)
	at org.springframework.web.servlet.FrameworkServlet.doPost(FrameworkServlet.java:914)
	at jakarta.servlet.http.HttpServlet.service(HttpServlet.java:590)
	at org.springframework.web.servlet.FrameworkServlet.service(FrameworkServlet.java:885)
	at jakarta.servlet.http.HttpServlet.service(HttpServlet.java:658)
	at org.apache.catalina.core.ApplicationFilterChain.internalDoFilter(ApplicationFilterChain.java:205)
	at org.apache.catalina.core.ApplicationFilterChain.doFilter(ApplicationFilterChain.java:149)
	at org.apache.tomcat.websocket.server.WsFilter.doFilter(WsFilter.java:51)
	at org.apache.catalina.core.ApplicationFilterChain.internalDoFilter(ApplicationFilterChain.java:174)
	at org.apache.catalina.core.ApplicationFilterChain.doFilter(ApplicationFilterChain.java:149)
	at org.springframework.web.filter.RequestContextFilter.doFilterInternal(RequestContextFilter.java:100)
	at org.springframework.web.filter.OncePerRequestFilter.doFilter(OncePerRequestFilter.java:116)
	at org.apache.catalina.core.ApplicationFilterChain.internalDoFilter(ApplicationFilterChain.java:174)
	at org.apache.catalina.core.ApplicationFilterChain.doFilter(ApplicationFilterChain.java:149)
	at org.springframework.web.filter.FormContentFilter.doFilterInternal(FormContentFilter.java:93)
	at org.springframework.web.filter.OncePerRequestFilter.doFilter(OncePerRequestFilter.java:116)
	at org.apache.catalina.core.ApplicationFilterChain.internalDoFilter(ApplicationFilterChain.java:174)
	at org.apache.catalina.core.ApplicationFilterChain.doFilter(ApplicationFilterChain.java:149)
	at org.springframework.web.filter.ServerHttpObservationFilter.doFilterInternal(ServerHttpObservationFilter.java:109)
	at org.springframework.web.filter.OncePerRequestFilter.doFilter(OncePerRequestFilter.java:116)
	at org.apache.catalina.core.ApplicationFilterChain.internalDoFilter(ApplicationFilterChain.java:174)
	at org.apache.catalina.core.ApplicationFilterChain.doFilter(ApplicationFilterChain.java:149)
	at org.springframework.web.filter.CharacterEncodingFilter.doFilterInternal(CharacterEncodingFilter.java:201)
	at org.springframework.web.filter.OncePerRequestFilter.doFilter(OncePerRequestFilter.java:116)
	at org.apache.catalina.core.ApplicationFilterChain.internalDoFilter(ApplicationFilterChain.java:174)
	at org.apache.catalina.core.ApplicationFilterChain.doFilter(ApplicationFilterChain.java:149)
	at org.apache.catalina.core.StandardWrapperValve.invoke(StandardWrapperValve.java:167)
	at org.apache.catalina.core.StandardContextValve.invoke(StandardContextValve.java:90)
	at org.apache.catalina.authenticator.AuthenticatorBase.invoke(AuthenticatorBase.java:482)
	at org.apache.catalina.core.StandardHostValve.invoke(StandardHostValve.java:115)
	at org.apache.catalina.valves.ErrorReportValve.invoke(ErrorReportValve.java:93)
	at org.apache.catalina.core.StandardEngineValve.invoke(StandardEngineValve.java:74)
	at org.apache.catalina.connector.CoyoteAdapter.service(CoyoteAdapter.java:344)
	at org.apache.coyote.http11.Http11Processor.service(Http11Processor.java:391)
	at org.apache.coyote.AbstractProcessorLight.process(AbstractProcessorLight.java:63)
	at org.apache.coyote.AbstractProtocol$ConnectionHandler.process(AbstractProtocol.java:896)
	at org.apache.tomcat.util.net.NioEndpoint$SocketProcessor.doRun(NioEndpoint.java:1744)
	at org.apache.tomcat.util.net.SocketProcessorBase.run(SocketProcessorBase.java:52)
	at org.apache.tomcat.util.threads.ThreadPoolExecutor.runWorker(ThreadPoolExecutor.java:1191)
	at org.apache.tomcat.util.threads.ThreadPoolExecutor$Worker.run(ThreadPoolExecutor.java:659)
	at org.apache.tomcat.util.threads.TaskThread$WrappingRunnable.run(TaskThread.java:63)
	at java.base/java.lang.Thread.run(Thread.java:1583)
2024-03-27 01:44:38.993 EDT - [main] - INFO - com.busakie.avro.MainApplication [50] - Starting MainApplication using Java 21 with PID 22552 (E:\Workspace\avro-message-generator\target\classes started by Bashkar Sampath in E:\Workspace\avro-message-generator)
2024-03-27 01:44:38.997 EDT - [main] - INFO - com.busakie.avro.MainApplication [654] - No active profile set, falling back to 1 default profile: "default"
2024-03-27 01:44:39.691 EDT - [main] - INFO - o.s.b.w.e.tomcat.TomcatWebServer [109] - Tomcat initialized with port 8443 (http)
2024-03-27 01:44:39.700 EDT - [main] - INFO - o.a.catalina.core.StandardService [173] - Starting service [Tomcat]
2024-03-27 01:44:39.700 EDT - [main] - INFO - o.a.catalina.core.StandardEngine [173] - Starting Servlet engine: [Apache Tomcat/10.1.19]
2024-03-27 01:44:39.736 EDT - [main] - INFO - o.a.c.c.C.[Tomcat].[localhost].[/] [173] - Initializing Spring embedded WebApplicationContext
2024-03-27 01:44:39.736 EDT - [main] - INFO - o.s.b.w.s.c.ServletWebServerApplicationContext [296] - Root WebApplicationContext: initialization completed in 713 ms
2024-03-27 01:44:39.946 EDT - [main] - INFO - o.s.b.a.e.web.EndpointLinksResolver [58] - Exposing 1 endpoint(s) beneath base path '/actuator'
2024-03-27 01:44:40.201 EDT - [main] - INFO - o.s.b.w.e.tomcat.TomcatWebServer [241] - Tomcat started on port 8443 (http) with context path ''
2024-03-27 01:44:40.210 EDT - [main] - INFO - com.busakie.avro.MainApplication [56] - Started MainApplication in 1.485 seconds (process running for 1.991)
2024-03-27 01:44:44.103 EDT - [http-nio-8443-exec-1] - INFO - o.a.c.c.C.[Tomcat].[localhost].[/] [173] - Initializing Spring DispatcherServlet 'dispatcherServlet'
2024-03-27 01:44:44.205 EDT - [http-nio-8443-exec-1] - ERROR- o.a.c.c.C.[.[.[.[dispatcherServlet] [175] - Servlet.service() for servlet [dispatcherServlet] in context with path [] threw exception [Request processing failed: java.lang.NullPointerException: Cannot invoke "org.apache.avro.Schema.equals(Object)" because "writer" is null] with root cause
java.lang.NullPointerException: Cannot invoke "org.apache.avro.Schema.equals(Object)" because "writer" is null
	at org.apache.avro.Schema.applyAliases(Schema.java:1890)
	at org.apache.avro.generic.GenericDatumReader.getResolver(GenericDatumReader.java:131)
	at org.apache.avro.generic.GenericDatumReader.read(GenericDatumReader.java:152)
	at com.busakie.avro.MainApplication.convertStringToGenericRecord(MainApplication.java:82)
	at com.busakie.avro.MainApplication.downloadAvroMessages(MainApplication.java:95)
	at java.base/jdk.internal.reflect.DirectMethodHandleAccessor.invoke(DirectMethodHandleAccessor.java:103)
	at java.base/java.lang.reflect.Method.invoke(Method.java:580)
	at org.springframework.web.method.support.InvocableHandlerMethod.doInvoke(InvocableHandlerMethod.java:255)
	at org.springframework.web.method.support.InvocableHandlerMethod.invokeForRequest(InvocableHandlerMethod.java:188)
	at org.springframework.web.servlet.mvc.method.annotation.ServletInvocableHandlerMethod.invokeAndHandle(ServletInvocableHandlerMethod.java:118)
	at org.springframework.web.servlet.mvc.method.annotation.RequestMappingHandlerAdapter.invokeHandlerMethod(RequestMappingHandlerAdapter.java:925)
	at org.springframework.web.servlet.mvc.method.annotation.RequestMappingHandlerAdapter.handleInternal(RequestMappingHandlerAdapter.java:830)
	at org.springframework.web.servlet.mvc.method.AbstractHandlerMethodAdapter.handle(AbstractHandlerMethodAdapter.java:87)
	at org.springframework.web.servlet.DispatcherServlet.doDispatch(DispatcherServlet.java:1089)
	at org.springframework.web.servlet.DispatcherServlet.doService(DispatcherServlet.java:979)
	at org.springframework.web.servlet.FrameworkServlet.processRequest(FrameworkServlet.java:1014)
	at org.springframework.web.servlet.FrameworkServlet.doPost(FrameworkServlet.java:914)
	at jakarta.servlet.http.HttpServlet.service(HttpServlet.java:590)
	at org.springframework.web.servlet.FrameworkServlet.service(FrameworkServlet.java:885)
	at jakarta.servlet.http.HttpServlet.service(HttpServlet.java:658)
	at org.apache.catalina.core.ApplicationFilterChain.internalDoFilter(ApplicationFilterChain.java:205)
	at org.apache.catalina.core.ApplicationFilterChain.doFilter(ApplicationFilterChain.java:149)
	at org.apache.tomcat.websocket.server.WsFilter.doFilter(WsFilter.java:51)
	at org.apache.catalina.core.ApplicationFilterChain.internalDoFilter(ApplicationFilterChain.java:174)
	at org.apache.catalina.core.ApplicationFilterChain.doFilter(ApplicationFilterChain.java:149)
	at org.springframework.web.filter.RequestContextFilter.doFilterInternal(RequestContextFilter.java:100)
	at org.springframework.web.filter.OncePerRequestFilter.doFilter(OncePerRequestFilter.java:116)
	at org.apache.catalina.core.ApplicationFilterChain.internalDoFilter(ApplicationFilterChain.java:174)
	at org.apache.catalina.core.ApplicationFilterChain.doFilter(ApplicationFilterChain.java:149)
	at org.springframework.web.filter.FormContentFilter.doFilterInternal(FormContentFilter.java:93)
	at org.springframework.web.filter.OncePerRequestFilter.doFilter(OncePerRequestFilter.java:116)
	at org.apache.catalina.core.ApplicationFilterChain.internalDoFilter(ApplicationFilterChain.java:174)
	at org.apache.catalina.core.ApplicationFilterChain.doFilter(ApplicationFilterChain.java:149)
	at org.springframework.web.filter.ServerHttpObservationFilter.doFilterInternal(ServerHttpObservationFilter.java:109)
	at org.springframework.web.filter.OncePerRequestFilter.doFilter(OncePerRequestFilter.java:116)
	at org.apache.catalina.core.ApplicationFilterChain.internalDoFilter(ApplicationFilterChain.java:174)
	at org.apache.catalina.core.ApplicationFilterChain.doFilter(ApplicationFilterChain.java:149)
	at org.springframework.web.filter.CharacterEncodingFilter.doFilterInternal(CharacterEncodingFilter.java:201)
	at org.springframework.web.filter.OncePerRequestFilter.doFilter(OncePerRequestFilter.java:116)
	at org.apache.catalina.core.ApplicationFilterChain.internalDoFilter(ApplicationFilterChain.java:174)
	at org.apache.catalina.core.ApplicationFilterChain.doFilter(ApplicationFilterChain.java:149)
	at org.apache.catalina.core.StandardWrapperValve.invoke(StandardWrapperValve.java:167)
	at org.apache.catalina.core.StandardContextValve.invoke(StandardContextValve.java:90)
	at org.apache.catalina.authenticator.AuthenticatorBase.invoke(AuthenticatorBase.java:482)
	at org.apache.catalina.core.StandardHostValve.invoke(StandardHostValve.java:115)
	at org.apache.catalina.valves.ErrorReportValve.invoke(ErrorReportValve.java:93)
	at org.apache.catalina.core.StandardEngineValve.invoke(StandardEngineValve.java:74)
	at org.apache.catalina.connector.CoyoteAdapter.service(CoyoteAdapter.java:344)
	at org.apache.coyote.http11.Http11Processor.service(Http11Processor.java:391)
	at org.apache.coyote.AbstractProcessorLight.process(AbstractProcessorLight.java:63)
	at org.apache.coyote.AbstractProtocol$ConnectionHandler.process(AbstractProtocol.java:896)
	at org.apache.tomcat.util.net.NioEndpoint$SocketProcessor.doRun(NioEndpoint.java:1744)
	at org.apache.tomcat.util.net.SocketProcessorBase.run(SocketProcessorBase.java:52)
	at org.apache.tomcat.util.threads.ThreadPoolExecutor.runWorker(ThreadPoolExecutor.java:1191)
	at org.apache.tomcat.util.threads.ThreadPoolExecutor$Worker.run(ThreadPoolExecutor.java:659)
	at org.apache.tomcat.util.threads.TaskThread$WrappingRunnable.run(TaskThread.java:63)
	at java.base/java.lang.Thread.run(Thread.java:1583)
2024-03-27 01:46:15.593 EDT - [main] - INFO - com.busakie.avro.MainApplication [50] - Starting MainApplication using Java 21 with PID 22732 (E:\Workspace\avro-message-generator\target\classes started by Bashkar Sampath in E:\Workspace\avro-message-generator)
2024-03-27 01:46:15.597 EDT - [main] - INFO - com.busakie.avro.MainApplication [654] - No active profile set, falling back to 1 default profile: "default"
2024-03-27 01:46:16.265 EDT - [main] - INFO - o.s.b.w.e.tomcat.TomcatWebServer [109] - Tomcat initialized with port 8443 (http)
2024-03-27 01:46:16.273 EDT - [main] - INFO - o.a.catalina.core.StandardService [173] - Starting service [Tomcat]
2024-03-27 01:46:16.273 EDT - [main] - INFO - o.a.catalina.core.StandardEngine [173] - Starting Servlet engine: [Apache Tomcat/10.1.19]
2024-03-27 01:46:16.308 EDT - [main] - INFO - o.a.c.c.C.[Tomcat].[localhost].[/] [173] - Initializing Spring embedded WebApplicationContext
2024-03-27 01:46:16.308 EDT - [main] - INFO - o.s.b.w.s.c.ServletWebServerApplicationContext [296] - Root WebApplicationContext: initialization completed in 685 ms
2024-03-27 01:46:16.507 EDT - [main] - INFO - o.s.b.a.e.web.EndpointLinksResolver [58] - Exposing 1 endpoint(s) beneath base path '/actuator'
2024-03-27 01:46:16.755 EDT - [main] - INFO - o.s.b.w.e.tomcat.TomcatWebServer [241] - Tomcat started on port 8443 (http) with context path ''
2024-03-27 01:46:16.765 EDT - [main] - INFO - com.busakie.avro.MainApplication [56] - Started MainApplication in 1.437 seconds (process running for 1.867)
2024-03-27 01:46:18.269 EDT - [http-nio-8443-exec-1] - INFO - o.a.c.c.C.[Tomcat].[localhost].[/] [173] - Initializing Spring DispatcherServlet 'dispatcherServlet'
2024-03-27 01:46:18.380 EDT - [http-nio-8443-exec-1] - ERROR- o.a.c.c.C.[.[.[.[dispatcherServlet] [175] - Servlet.service() for servlet [dispatcherServlet] in context with path [] threw exception [Request processing failed: java.lang.NullPointerException: Cannot invoke "org.apache.avro.Schema.equals(Object)" because "writer" is null] with root cause
java.lang.NullPointerException: Cannot invoke "org.apache.avro.Schema.equals(Object)" because "writer" is null
	at org.apache.avro.Schema.applyAliases(Schema.java:1890)
	at org.apache.avro.generic.GenericDatumReader.getResolver(GenericDatumReader.java:131)
	at org.apache.avro.generic.GenericDatumReader.read(GenericDatumReader.java:152)
	at com.busakie.avro.MainApplication.convertStringToGenericRecord(MainApplication.java:82)
	at com.busakie.avro.MainApplication.downloadAvroMessages(MainApplication.java:97)
	at java.base/jdk.internal.reflect.DirectMethodHandleAccessor.invoke(DirectMethodHandleAccessor.java:103)
	at java.base/java.lang.reflect.Method.invoke(Method.java:580)
	at org.springframework.web.method.support.InvocableHandlerMethod.doInvoke(InvocableHandlerMethod.java:255)
	at org.springframework.web.method.support.InvocableHandlerMethod.invokeForRequest(InvocableHandlerMethod.java:188)
	at org.springframework.web.servlet.mvc.method.annotation.ServletInvocableHandlerMethod.invokeAndHandle(ServletInvocableHandlerMethod.java:118)
	at org.springframework.web.servlet.mvc.method.annotation.RequestMappingHandlerAdapter.invokeHandlerMethod(RequestMappingHandlerAdapter.java:925)
	at org.springframework.web.servlet.mvc.method.annotation.RequestMappingHandlerAdapter.handleInternal(RequestMappingHandlerAdapter.java:830)
	at org.springframework.web.servlet.mvc.method.AbstractHandlerMethodAdapter.handle(AbstractHandlerMethodAdapter.java:87)
	at org.springframework.web.servlet.DispatcherServlet.doDispatch(DispatcherServlet.java:1089)
	at org.springframework.web.servlet.DispatcherServlet.doService(DispatcherServlet.java:979)
	at org.springframework.web.servlet.FrameworkServlet.processRequest(FrameworkServlet.java:1014)
	at org.springframework.web.servlet.FrameworkServlet.doPost(FrameworkServlet.java:914)
	at jakarta.servlet.http.HttpServlet.service(HttpServlet.java:590)
	at org.springframework.web.servlet.FrameworkServlet.service(FrameworkServlet.java:885)
	at jakarta.servlet.http.HttpServlet.service(HttpServlet.java:658)
	at org.apache.catalina.core.ApplicationFilterChain.internalDoFilter(ApplicationFilterChain.java:205)
	at org.apache.catalina.core.ApplicationFilterChain.doFilter(ApplicationFilterChain.java:149)
	at org.apache.tomcat.websocket.server.WsFilter.doFilter(WsFilter.java:51)
	at org.apache.catalina.core.ApplicationFilterChain.internalDoFilter(ApplicationFilterChain.java:174)
	at org.apache.catalina.core.ApplicationFilterChain.doFilter(ApplicationFilterChain.java:149)
	at org.springframework.web.filter.RequestContextFilter.doFilterInternal(RequestContextFilter.java:100)
	at org.springframework.web.filter.OncePerRequestFilter.doFilter(OncePerRequestFilter.java:116)
	at org.apache.catalina.core.ApplicationFilterChain.internalDoFilter(ApplicationFilterChain.java:174)
	at org.apache.catalina.core.ApplicationFilterChain.doFilter(ApplicationFilterChain.java:149)
	at org.springframework.web.filter.FormContentFilter.doFilterInternal(FormContentFilter.java:93)
	at org.springframework.web.filter.OncePerRequestFilter.doFilter(OncePerRequestFilter.java:116)
	at org.apache.catalina.core.ApplicationFilterChain.internalDoFilter(ApplicationFilterChain.java:174)
	at org.apache.catalina.core.ApplicationFilterChain.doFilter(ApplicationFilterChain.java:149)
	at org.springframework.web.filter.ServerHttpObservationFilter.doFilterInternal(ServerHttpObservationFilter.java:109)
	at org.springframework.web.filter.OncePerRequestFilter.doFilter(OncePerRequestFilter.java:116)
	at org.apache.catalina.core.ApplicationFilterChain.internalDoFilter(ApplicationFilterChain.java:174)
	at org.apache.catalina.core.ApplicationFilterChain.doFilter(ApplicationFilterChain.java:149)
	at org.springframework.web.filter.CharacterEncodingFilter.doFilterInternal(CharacterEncodingFilter.java:201)
	at org.springframework.web.filter.OncePerRequestFilter.doFilter(OncePerRequestFilter.java:116)
	at org.apache.catalina.core.ApplicationFilterChain.internalDoFilter(ApplicationFilterChain.java:174)
	at org.apache.catalina.core.ApplicationFilterChain.doFilter(ApplicationFilterChain.java:149)
	at org.apache.catalina.core.StandardWrapperValve.invoke(StandardWrapperValve.java:167)
	at org.apache.catalina.core.StandardContextValve.invoke(StandardContextValve.java:90)
	at org.apache.catalina.authenticator.AuthenticatorBase.invoke(AuthenticatorBase.java:482)
	at org.apache.catalina.core.StandardHostValve.invoke(StandardHostValve.java:115)
	at org.apache.catalina.valves.ErrorReportValve.invoke(ErrorReportValve.java:93)
	at org.apache.catalina.core.StandardEngineValve.invoke(StandardEngineValve.java:74)
	at org.apache.catalina.connector.CoyoteAdapter.service(CoyoteAdapter.java:344)
	at org.apache.coyote.http11.Http11Processor.service(Http11Processor.java:391)
	at org.apache.coyote.AbstractProcessorLight.process(AbstractProcessorLight.java:63)
	at org.apache.coyote.AbstractProtocol$ConnectionHandler.process(AbstractProtocol.java:896)
	at org.apache.tomcat.util.net.NioEndpoint$SocketProcessor.doRun(NioEndpoint.java:1744)
	at org.apache.tomcat.util.net.SocketProcessorBase.run(SocketProcessorBase.java:52)
	at org.apache.tomcat.util.threads.ThreadPoolExecutor.runWorker(ThreadPoolExecutor.java:1191)
	at org.apache.tomcat.util.threads.ThreadPoolExecutor$Worker.run(ThreadPoolExecutor.java:659)
	at org.apache.tomcat.util.threads.TaskThread$WrappingRunnable.run(TaskThread.java:63)
	at java.base/java.lang.Thread.run(Thread.java:1583)
2024-03-27 01:46:50.786 EDT - [main] - INFO - com.busakie.avro.MainApplication [50] - Starting MainApplication using Java 21 with PID 12240 (E:\Workspace\avro-message-generator\target\classes started by Bashkar Sampath in E:\Workspace\avro-message-generator)
2024-03-27 01:46:50.793 EDT - [main] - INFO - com.busakie.avro.MainApplication [654] - No active profile set, falling back to 1 default profile: "default"
2024-03-27 01:46:51.547 EDT - [main] - INFO - o.s.b.w.e.tomcat.TomcatWebServer [109] - Tomcat initialized with port 8443 (http)
2024-03-27 01:46:51.554 EDT - [main] - INFO - o.a.catalina.core.StandardService [173] - Starting service [Tomcat]
2024-03-27 01:46:51.554 EDT - [main] - INFO - o.a.catalina.core.StandardEngine [173] - Starting Servlet engine: [Apache Tomcat/10.1.19]
2024-03-27 01:46:51.590 EDT - [main] - INFO - o.a.c.c.C.[Tomcat].[localhost].[/] [173] - Initializing Spring embedded WebApplicationContext
2024-03-27 01:46:51.591 EDT - [main] - INFO - o.s.b.w.s.c.ServletWebServerApplicationContext [296] - Root WebApplicationContext: initialization completed in 769 ms
2024-03-27 01:46:51.800 EDT - [main] - INFO - o.s.b.a.e.web.EndpointLinksResolver [58] - Exposing 1 endpoint(s) beneath base path '/actuator'
2024-03-27 01:46:52.056 EDT - [main] - INFO - o.s.b.w.e.tomcat.TomcatWebServer [241] - Tomcat started on port 8443 (http) with context path ''
2024-03-27 01:46:52.067 EDT - [main] - INFO - com.busakie.avro.MainApplication [56] - Started MainApplication in 1.561 seconds (process running for 2.019)
2024-03-27 01:46:56.850 EDT - [http-nio-8443-exec-1] - INFO - o.a.c.c.C.[Tomcat].[localhost].[/] [173] - Initializing Spring DispatcherServlet 'dispatcherServlet'
2024-03-27 01:47:21.704 EDT - [http-nio-8443-exec-1] - ERROR- o.a.c.c.C.[.[.[.[dispatcherServlet] [175] - Servlet.service() for servlet [dispatcherServlet] in context with path [] threw exception [Request processing failed: java.lang.NullPointerException: Cannot invoke "org.apache.avro.Schema.equals(Object)" because "writer" is null] with root cause
java.lang.NullPointerException: Cannot invoke "org.apache.avro.Schema.equals(Object)" because "writer" is null
	at org.apache.avro.Schema.applyAliases(Schema.java:1890)
	at org.apache.avro.generic.GenericDatumReader.getResolver(GenericDatumReader.java:131)
	at org.apache.avro.generic.GenericDatumReader.read(GenericDatumReader.java:152)
	at com.busakie.avro.MainApplication.convertStringToGenericRecord(MainApplication.java:82)
	at com.busakie.avro.MainApplication.downloadAvroMessages(MainApplication.java:97)
	at java.base/jdk.internal.reflect.DirectMethodHandleAccessor.invoke(DirectMethodHandleAccessor.java:103)
	at java.base/java.lang.reflect.Method.invoke(Method.java:580)
	at org.springframework.web.method.support.InvocableHandlerMethod.doInvoke(InvocableHandlerMethod.java:255)
	at org.springframework.web.method.support.InvocableHandlerMethod.invokeForRequest(InvocableHandlerMethod.java:188)
	at org.springframework.web.servlet.mvc.method.annotation.ServletInvocableHandlerMethod.invokeAndHandle(ServletInvocableHandlerMethod.java:118)
	at org.springframework.web.servlet.mvc.method.annotation.RequestMappingHandlerAdapter.invokeHandlerMethod(RequestMappingHandlerAdapter.java:925)
	at org.springframework.web.servlet.mvc.method.annotation.RequestMappingHandlerAdapter.handleInternal(RequestMappingHandlerAdapter.java:830)
	at org.springframework.web.servlet.mvc.method.AbstractHandlerMethodAdapter.handle(AbstractHandlerMethodAdapter.java:87)
	at org.springframework.web.servlet.DispatcherServlet.doDispatch(DispatcherServlet.java:1089)
	at org.springframework.web.servlet.DispatcherServlet.doService(DispatcherServlet.java:979)
	at org.springframework.web.servlet.FrameworkServlet.processRequest(FrameworkServlet.java:1014)
	at org.springframework.web.servlet.FrameworkServlet.doPost(FrameworkServlet.java:914)
	at jakarta.servlet.http.HttpServlet.service(HttpServlet.java:590)
	at org.springframework.web.servlet.FrameworkServlet.service(FrameworkServlet.java:885)
	at jakarta.servlet.http.HttpServlet.service(HttpServlet.java:658)
	at org.apache.catalina.core.ApplicationFilterChain.internalDoFilter(ApplicationFilterChain.java:205)
	at org.apache.catalina.core.ApplicationFilterChain.doFilter(ApplicationFilterChain.java:149)
	at org.apache.tomcat.websocket.server.WsFilter.doFilter(WsFilter.java:51)
	at org.apache.catalina.core.ApplicationFilterChain.internalDoFilter(ApplicationFilterChain.java:174)
	at org.apache.catalina.core.ApplicationFilterChain.doFilter(ApplicationFilterChain.java:149)
	at org.springframework.web.filter.RequestContextFilter.doFilterInternal(RequestContextFilter.java:100)
	at org.springframework.web.filter.OncePerRequestFilter.doFilter(OncePerRequestFilter.java:116)
	at org.apache.catalina.core.ApplicationFilterChain.internalDoFilter(ApplicationFilterChain.java:174)
	at org.apache.catalina.core.ApplicationFilterChain.doFilter(ApplicationFilterChain.java:149)
	at org.springframework.web.filter.FormContentFilter.doFilterInternal(FormContentFilter.java:93)
	at org.springframework.web.filter.OncePerRequestFilter.doFilter(OncePerRequestFilter.java:116)
	at org.apache.catalina.core.ApplicationFilterChain.internalDoFilter(ApplicationFilterChain.java:174)
	at org.apache.catalina.core.ApplicationFilterChain.doFilter(ApplicationFilterChain.java:149)
	at org.springframework.web.filter.ServerHttpObservationFilter.doFilterInternal(ServerHttpObservationFilter.java:109)
	at org.springframework.web.filter.OncePerRequestFilter.doFilter(OncePerRequestFilter.java:116)
	at org.apache.catalina.core.ApplicationFilterChain.internalDoFilter(ApplicationFilterChain.java:174)
	at org.apache.catalina.core.ApplicationFilterChain.doFilter(ApplicationFilterChain.java:149)
	at org.springframework.web.filter.CharacterEncodingFilter.doFilterInternal(CharacterEncodingFilter.java:201)
	at org.springframework.web.filter.OncePerRequestFilter.doFilter(OncePerRequestFilter.java:116)
	at org.apache.catalina.core.ApplicationFilterChain.internalDoFilter(ApplicationFilterChain.java:174)
	at org.apache.catalina.core.ApplicationFilterChain.doFilter(ApplicationFilterChain.java:149)
	at org.apache.catalina.core.StandardWrapperValve.invoke(StandardWrapperValve.java:167)
	at org.apache.catalina.core.StandardContextValve.invoke(StandardContextValve.java:90)
	at org.apache.catalina.authenticator.AuthenticatorBase.invoke(AuthenticatorBase.java:482)
	at org.apache.catalina.core.StandardHostValve.invoke(StandardHostValve.java:115)
	at org.apache.catalina.valves.ErrorReportValve.invoke(ErrorReportValve.java:93)
	at org.apache.catalina.core.StandardEngineValve.invoke(StandardEngineValve.java:74)
	at org.apache.catalina.connector.CoyoteAdapter.service(CoyoteAdapter.java:344)
	at org.apache.coyote.http11.Http11Processor.service(Http11Processor.java:391)
	at org.apache.coyote.AbstractProcessorLight.process(AbstractProcessorLight.java:63)
	at org.apache.coyote.AbstractProtocol$ConnectionHandler.process(AbstractProtocol.java:896)
	at org.apache.tomcat.util.net.NioEndpoint$SocketProcessor.doRun(NioEndpoint.java:1744)
	at org.apache.tomcat.util.net.SocketProcessorBase.run(SocketProcessorBase.java:52)
	at org.apache.tomcat.util.threads.ThreadPoolExecutor.runWorker(ThreadPoolExecutor.java:1191)
	at org.apache.tomcat.util.threads.ThreadPoolExecutor$Worker.run(ThreadPoolExecutor.java:659)
	at org.apache.tomcat.util.threads.TaskThread$WrappingRunnable.run(TaskThread.java:63)
	at java.base/java.lang.Thread.run(Thread.java:1583)
2024-03-27 11:11:30.121 EDT - [main] - INFO - com.busakie.avro.MainApplication [50] - Starting MainApplication using Java 21 with PID 3060 (E:\Workspace\avro-message-generator\target\classes started by Bashkar Sampath in E:\Workspace\avro-message-generator)
2024-03-27 11:11:30.126 EDT - [main] - INFO - com.busakie.avro.MainApplication [654] - No active profile set, falling back to 1 default profile: "default"
2024-03-27 11:11:30.797 EDT - [main] - INFO - o.s.b.w.e.tomcat.TomcatWebServer [109] - Tomcat initialized with port 8443 (http)
2024-03-27 11:11:30.806 EDT - [main] - INFO - o.a.catalina.core.StandardService [173] - Starting service [Tomcat]
2024-03-27 11:11:30.806 EDT - [main] - INFO - o.a.catalina.core.StandardEngine [173] - Starting Servlet engine: [Apache Tomcat/10.1.19]
2024-03-27 11:11:30.843 EDT - [main] - INFO - o.a.c.c.C.[Tomcat].[localhost].[/] [173] - Initializing Spring embedded WebApplicationContext
2024-03-27 11:11:30.843 EDT - [main] - INFO - o.s.b.w.s.c.ServletWebServerApplicationContext [296] - Root WebApplicationContext: initialization completed in 691 ms
2024-03-27 11:11:31.039 EDT - [main] - INFO - o.s.b.a.e.web.EndpointLinksResolver [58] - Exposing 1 endpoint(s) beneath base path '/actuator'
2024-03-27 11:11:31.291 EDT - [main] - INFO - o.s.b.w.e.tomcat.TomcatWebServer [241] - Tomcat started on port 8443 (http) with context path ''
2024-03-27 11:11:31.299 EDT - [main] - INFO - com.busakie.avro.MainApplication [56] - Started MainApplication in 1.433 seconds (process running for 1.804)
2024-03-27 11:11:36.334 EDT - [http-nio-8443-exec-1] - INFO - o.a.c.c.C.[Tomcat].[localhost].[/] [173] - Initializing Spring DispatcherServlet 'dispatcherServlet'
2024-03-27 11:11:36.962 EDT - [http-nio-8443-exec-8] - INFO - o.s.api.AbstractOpenApiResource [390] - Init duration for springdoc-openapi is: 161 ms
2024-03-27 11:11:42.537 EDT - [http-nio-8443-exec-9] - INFO - com.busakie.avro.MainApplication [57] - AvroJson: {"age":0,"name":"string","phoneNumber":{"long":0}}
2024-03-27 11:16:53.717 EDT - [RMI TCP Connection(9)-127.0.0.1] - INFO - o.s.b.a.SpringApplicationAdminMXBeanRegistrar$SpringApplicationAdmin [159] - Application shutdown requested.
2024-03-27 11:16:55.638 EDT - [main] - INFO - com.busakie.avro.MainApplication [50] - Starting MainApplication using Java 21 with PID 18456 (E:\Workspace\avro-message-generator\target\classes started by Bashkar Sampath in E:\Workspace\avro-message-generator)
2024-03-27 11:16:55.642 EDT - [main] - INFO - com.busakie.avro.MainApplication [654] - No active profile set, falling back to 1 default profile: "default"
2024-03-27 11:16:56.296 EDT - [main] - INFO - o.s.b.w.e.tomcat.TomcatWebServer [109] - Tomcat initialized with port 8443 (http)
2024-03-27 11:16:56.303 EDT - [main] - INFO - o.a.catalina.core.StandardService [173] - Starting service [Tomcat]
2024-03-27 11:16:56.303 EDT - [main] - INFO - o.a.catalina.core.StandardEngine [173] - Starting Servlet engine: [Apache Tomcat/10.1.19]
2024-03-27 11:16:56.336 EDT - [main] - INFO - o.a.c.c.C.[Tomcat].[localhost].[/] [173] - Initializing Spring embedded WebApplicationContext
2024-03-27 11:16:56.336 EDT - [main] - INFO - o.s.b.w.s.c.ServletWebServerApplicationContext [296] - Root WebApplicationContext: initialization completed in 668 ms
2024-03-27 11:16:56.527 EDT - [main] - INFO - o.s.b.a.e.web.EndpointLinksResolver [58] - Exposing 1 endpoint(s) beneath base path '/actuator'
2024-03-27 11:16:56.766 EDT - [main] - INFO - o.s.b.w.e.tomcat.TomcatWebServer [241] - Tomcat started on port 8443 (http) with context path ''
2024-03-27 11:16:56.774 EDT - [main] - INFO - com.busakie.avro.MainApplication [56] - Started MainApplication in 1.394 seconds (process running for 1.952)
2024-03-27 11:17:06.815 EDT - [http-nio-8443-exec-1] - INFO - o.a.c.c.C.[Tomcat].[localhost].[/] [173] - Initializing Spring DispatcherServlet 'dispatcherServlet'
2024-03-27 11:20:54.393 EDT - [main] - INFO - com.busakie.avro.MainApplication [50] - Starting MainApplication using Java 21 with PID 4520 (E:\Workspace\avro-message-generator\target\classes started by Bashkar Sampath in E:\Workspace\avro-message-generator)
2024-03-27 11:20:54.397 EDT - [main] - INFO - com.busakie.avro.MainApplication [654] - No active profile set, falling back to 1 default profile: "default"
2024-03-27 11:20:55.056 EDT - [main] - INFO - o.s.b.w.e.tomcat.TomcatWebServer [109] - Tomcat initialized with port 8443 (http)
2024-03-27 11:20:55.063 EDT - [main] - INFO - o.a.catalina.core.StandardService [173] - Starting service [Tomcat]
2024-03-27 11:20:55.063 EDT - [main] - INFO - o.a.catalina.core.StandardEngine [173] - Starting Servlet engine: [Apache Tomcat/10.1.19]
2024-03-27 11:20:55.095 EDT - [main] - INFO - o.a.c.c.C.[Tomcat].[localhost].[/] [173] - Initializing Spring embedded WebApplicationContext
2024-03-27 11:20:55.095 EDT - [main] - INFO - o.s.b.w.s.c.ServletWebServerApplicationContext [296] - Root WebApplicationContext: initialization completed in 673 ms
2024-03-27 11:20:55.290 EDT - [main] - INFO - o.s.b.a.e.web.EndpointLinksResolver [58] - Exposing 1 endpoint(s) beneath base path '/actuator'
2024-03-27 11:20:55.529 EDT - [main] - INFO - o.s.b.w.e.tomcat.TomcatWebServer [241] - Tomcat started on port 8443 (http) with context path ''
2024-03-27 11:20:55.537 EDT - [main] - INFO - com.busakie.avro.MainApplication [56] - Started MainApplication in 1.405 seconds (process running for 1.83)
2024-03-27 11:21:04.689 EDT - [http-nio-8443-exec-1] - INFO - o.a.c.c.C.[Tomcat].[localhost].[/] [173] - Initializing Spring DispatcherServlet 'dispatcherServlet'
2024-03-27 11:27:21.979 EDT - [main] - INFO - com.busakie.avro.MainApplication [50] - Starting MainApplication using Java 21 with PID 14120 (E:\Workspace\avro-message-generator\target\classes started by Bashkar Sampath in E:\Workspace\avro-message-generator)
2024-03-27 11:27:21.983 EDT - [main] - INFO - com.busakie.avro.MainApplication [654] - No active profile set, falling back to 1 default profile: "default"
2024-03-27 11:27:22.635 EDT - [main] - INFO - o.s.b.w.e.tomcat.TomcatWebServer [109] - Tomcat initialized with port 8443 (http)
2024-03-27 11:27:22.642 EDT - [main] - INFO - o.a.catalina.core.StandardService [173] - Starting service [Tomcat]
2024-03-27 11:27:22.642 EDT - [main] - INFO - o.a.catalina.core.StandardEngine [173] - Starting Servlet engine: [Apache Tomcat/10.1.19]
2024-03-27 11:27:22.674 EDT - [main] - INFO - o.a.c.c.C.[Tomcat].[localhost].[/] [173] - Initializing Spring embedded WebApplicationContext
2024-03-27 11:27:22.674 EDT - [main] - INFO - o.s.b.w.s.c.ServletWebServerApplicationContext [296] - Root WebApplicationContext: initialization completed in 665 ms
2024-03-27 11:27:22.865 EDT - [main] - INFO - o.s.b.a.e.web.EndpointLinksResolver [58] - Exposing 1 endpoint(s) beneath base path '/actuator'
2024-03-27 11:27:23.101 EDT - [main] - INFO - o.s.b.w.e.tomcat.TomcatWebServer [241] - Tomcat started on port 8443 (http) with context path ''
2024-03-27 11:27:23.110 EDT - [main] - INFO - com.busakie.avro.MainApplication [56] - Started MainApplication in 1.388 seconds (process running for 1.802)
2024-03-27 11:27:27.986 EDT - [http-nio-8443-exec-1] - INFO - o.a.c.c.C.[Tomcat].[localhost].[/] [173] - Initializing Spring DispatcherServlet 'dispatcherServlet'
2024-03-27 11:27:28.599 EDT - [http-nio-8443-exec-5] - INFO - o.s.api.AbstractOpenApiResource [390] - Init duration for springdoc-openapi is: 188 ms
2024-03-27 11:27:33.468 EDT - [http-nio-8443-exec-6] - INFO - com.busakie.avro.MainApplication [58] - AvroJson: {"age":0,"name":"string","phoneNumber":{"long":0}}
2024-03-27 11:27:37.845 EDT - [http-nio-8443-exec-7] - INFO - com.busakie.avro.MainApplication [68] - AvroJson: {"age":0,"name":"string","phoneNumber":{"long":0}}
2024-03-27 11:28:03.572 EDT - [http-nio-8443-exec-8] - INFO - com.busakie.avro.MainApplication [68] - AvroJson: {"age":0,"name":"string","phoneNumber":{"long":0}}
2024-03-27 11:28:44.966 EDT - [main] - INFO - com.busakie.avro.MainApplication [50] - Starting MainApplication using Java 21 with PID 6580 (E:\Workspace\avro-message-generator\target\classes started by Bashkar Sampath in E:\Workspace\avro-message-generator)
2024-03-27 11:28:44.970 EDT - [main] - INFO - com.busakie.avro.MainApplication [654] - No active profile set, falling back to 1 default profile: "default"
2024-03-27 11:28:45.620 EDT - [main] - INFO - o.s.b.w.e.tomcat.TomcatWebServer [109] - Tomcat initialized with port 8443 (http)
2024-03-27 11:28:45.627 EDT - [main] - INFO - o.a.catalina.core.StandardService [173] - Starting service [Tomcat]
2024-03-27 11:28:45.628 EDT - [main] - INFO - o.a.catalina.core.StandardEngine [173] - Starting Servlet engine: [Apache Tomcat/10.1.19]
2024-03-27 11:28:45.659 EDT - [main] - INFO - o.a.c.c.C.[Tomcat].[localhost].[/] [173] - Initializing Spring embedded WebApplicationContext
2024-03-27 11:28:45.660 EDT - [main] - INFO - o.s.b.w.s.c.ServletWebServerApplicationContext [296] - Root WebApplicationContext: initialization completed in 665 ms
2024-03-27 11:28:45.852 EDT - [main] - INFO - o.s.b.a.e.web.EndpointLinksResolver [58] - Exposing 1 endpoint(s) beneath base path '/actuator'
2024-03-27 11:28:46.084 EDT - [main] - INFO - o.s.b.w.e.tomcat.TomcatWebServer [241] - Tomcat started on port 8443 (http) with context path ''
2024-03-27 11:28:46.092 EDT - [main] - INFO - com.busakie.avro.MainApplication [56] - Started MainApplication in 1.381 seconds (process running for 1.794)
2024-03-27 11:28:48.088 EDT - [http-nio-8443-exec-1] - INFO - o.a.c.c.C.[Tomcat].[localhost].[/] [173] - Initializing Spring DispatcherServlet 'dispatcherServlet'
2024-03-27 11:28:48.188 EDT - [http-nio-8443-exec-1] - INFO - com.busakie.avro.MainApplication [68] - AvroJson: {"age":0,"name":"string","phoneNumber":{"long":0}}
2024-03-27 11:28:48.196 EDT - [http-nio-8443-exec-1] - INFO - com.busakie.avro.MainApplication [71] - AvroJsonGeneric: {"age": 0, "name": "string", "phoneNumber": 0}
2024-03-27 11:33:34.148 EDT - [main] - INFO - com.busakie.avro.MainApplication [50] - Starting MainApplication using Java 21 with PID 15732 (E:\Workspace\avro-message-generator\target\classes started by Bashkar Sampath in E:\Workspace\avro-message-generator)
2024-03-27 11:33:34.152 EDT - [main] - INFO - com.busakie.avro.MainApplication [654] - No active profile set, falling back to 1 default profile: "default"
2024-03-27 11:33:34.797 EDT - [main] - INFO - o.s.b.w.e.tomcat.TomcatWebServer [109] - Tomcat initialized with port 8443 (http)
2024-03-27 11:33:34.804 EDT - [main] - INFO - o.a.catalina.core.StandardService [173] - Starting service [Tomcat]
2024-03-27 11:33:34.804 EDT - [main] - INFO - o.a.catalina.core.StandardEngine [173] - Starting Servlet engine: [Apache Tomcat/10.1.19]
2024-03-27 11:33:34.839 EDT - [main] - INFO - o.a.c.c.C.[Tomcat].[localhost].[/] [173] - Initializing Spring embedded WebApplicationContext
2024-03-27 11:33:34.839 EDT - [main] - INFO - o.s.b.w.s.c.ServletWebServerApplicationContext [296] - Root WebApplicationContext: initialization completed in 662 ms
2024-03-27 11:33:35.031 EDT - [main] - INFO - o.s.b.a.e.web.EndpointLinksResolver [58] - Exposing 1 endpoint(s) beneath base path '/actuator'
2024-03-27 11:33:35.265 EDT - [main] - INFO - o.s.b.w.e.tomcat.TomcatWebServer [241] - Tomcat started on port 8443 (http) with context path ''
2024-03-27 11:33:35.273 EDT - [main] - INFO - com.busakie.avro.MainApplication [56] - Started MainApplication in 1.378 seconds (process running for 1.796)
2024-03-27 11:33:45.120 EDT - [http-nio-8443-exec-1] - INFO - o.a.c.c.C.[Tomcat].[localhost].[/] [173] - Initializing Spring DispatcherServlet 'dispatcherServlet'
2024-03-27 11:33:45.212 EDT - [http-nio-8443-exec-1] - INFO - com.busakie.avro.MainApplication [69] - AvroJson: {"age":0,"name":"string","phoneNumber":{"long":0}}
2024-03-27 11:33:45.220 EDT - [http-nio-8443-exec-1] - INFO - com.busakie.avro.MainApplication [72] - AvroJsonGeneric: {"age": 0, "name": "string", "phoneNumber": 0}
2024-03-27 11:38:03.710 EDT - [main] - INFO - com.busakie.avro.MainApplication [50] - Starting MainApplication using Java 21 with PID 15636 (E:\Workspace\avro-message-generator\target\classes started by Bashkar Sampath in E:\Workspace\avro-message-generator)
2024-03-27 11:38:03.714 EDT - [main] - INFO - com.busakie.avro.MainApplication [654] - No active profile set, falling back to 1 default profile: "default"
2024-03-27 11:38:04.350 EDT - [main] - INFO - o.s.b.w.e.tomcat.TomcatWebServer [109] - Tomcat initialized with port 8443 (http)
2024-03-27 11:38:04.356 EDT - [main] - INFO - o.a.catalina.core.StandardService [173] - Starting service [Tomcat]
2024-03-27 11:38:04.356 EDT - [main] - INFO - o.a.catalina.core.StandardEngine [173] - Starting Servlet engine: [Apache Tomcat/10.1.19]
2024-03-27 11:38:04.387 EDT - [main] - INFO - o.a.c.c.C.[Tomcat].[localhost].[/] [173] - Initializing Spring embedded WebApplicationContext
2024-03-27 11:38:04.388 EDT - [main] - INFO - o.s.b.w.s.c.ServletWebServerApplicationContext [296] - Root WebApplicationContext: initialization completed in 650 ms
2024-03-27 11:38:04.576 EDT - [main] - INFO - o.s.b.a.e.web.EndpointLinksResolver [58] - Exposing 1 endpoint(s) beneath base path '/actuator'
2024-03-27 11:38:04.807 EDT - [main] - INFO - o.s.b.w.e.tomcat.TomcatWebServer [241] - Tomcat started on port 8443 (http) with context path ''
2024-03-27 11:38:04.815 EDT - [main] - INFO - com.busakie.avro.MainApplication [56] - Started MainApplication in 1.362 seconds (process running for 1.778)
2024-03-27 11:38:09.622 EDT - [http-nio-8443-exec-1] - INFO - o.a.c.c.C.[Tomcat].[localhost].[/] [173] - Initializing Spring DispatcherServlet 'dispatcherServlet'
2024-03-27 11:43:15.509 EDT - [main] - INFO - com.busakie.avro.MainApplication [50] - Starting MainApplication using Java 21 with PID 7872 (E:\Workspace\avro-message-generator\target\classes started by Bashkar Sampath in E:\Workspace\avro-message-generator)
2024-03-27 11:43:15.513 EDT - [main] - INFO - com.busakie.avro.MainApplication [654] - No active profile set, falling back to 1 default profile: "default"
2024-03-27 11:43:16.117 EDT - [main] - INFO - o.s.b.w.e.tomcat.TomcatWebServer [109] - Tomcat initialized with port 8443 (http)
2024-03-27 11:43:16.124 EDT - [main] - INFO - o.a.catalina.core.StandardService [173] - Starting service [Tomcat]
2024-03-27 11:43:16.124 EDT - [main] - INFO - o.a.catalina.core.StandardEngine [173] - Starting Servlet engine: [Apache Tomcat/10.1.19]
2024-03-27 11:43:16.155 EDT - [main] - INFO - o.a.c.c.C.[Tomcat].[localhost].[/] [173] - Initializing Spring embedded WebApplicationContext
2024-03-27 11:43:16.155 EDT - [main] - INFO - o.s.b.w.s.c.ServletWebServerApplicationContext [296] - Root WebApplicationContext: initialization completed in 619 ms
2024-03-27 11:43:16.331 EDT - [main] - INFO - o.s.b.a.e.web.EndpointLinksResolver [58] - Exposing 1 endpoint(s) beneath base path '/actuator'
2024-03-27 11:43:16.553 EDT - [main] - INFO - o.s.b.w.e.tomcat.TomcatWebServer [241] - Tomcat started on port 8443 (http) with context path ''
2024-03-27 11:43:16.561 EDT - [main] - INFO - com.busakie.avro.MainApplication [56] - Started MainApplication in 1.296 seconds (process running for 1.621)
2024-03-27 11:43:22.478 EDT - [http-nio-8443-exec-1] - INFO - o.a.c.c.C.[Tomcat].[localhost].[/] [173] - Initializing Spring DispatcherServlet 'dispatcherServlet'
2024-03-27 11:44:26.828 EDT - [RMI TCP Connection(5)-127.0.0.1] - INFO - o.s.b.a.SpringApplicationAdminMXBeanRegistrar$SpringApplicationAdmin [159] - Application shutdown requested.
2024-03-27 11:44:28.103 EDT - [main] - INFO - com.busakie.avro.MainApplication [50] - Starting MainApplication using Java 21 with PID 20128 (E:\Workspace\avro-message-generator\target\classes started by Bashkar Sampath in E:\Workspace\avro-message-generator)
2024-03-27 11:44:28.107 EDT - [main] - INFO - com.busakie.avro.MainApplication [654] - No active profile set, falling back to 1 default profile: "default"
2024-03-27 11:44:28.711 EDT - [main] - INFO - o.s.b.w.e.tomcat.TomcatWebServer [109] - Tomcat initialized with port 8443 (http)
2024-03-27 11:44:28.718 EDT - [main] - INFO - o.a.catalina.core.StandardService [173] - Starting service [Tomcat]
2024-03-27 11:44:28.718 EDT - [main] - INFO - o.a.catalina.core.StandardEngine [173] - Starting Servlet engine: [Apache Tomcat/10.1.19]
2024-03-27 11:44:28.748 EDT - [main] - INFO - o.a.c.c.C.[Tomcat].[localhost].[/] [173] - Initializing Spring embedded WebApplicationContext
2024-03-27 11:44:28.749 EDT - [main] - INFO - o.s.b.w.s.c.ServletWebServerApplicationContext [296] - Root WebApplicationContext: initialization completed in 618 ms
2024-03-27 11:44:28.933 EDT - [main] - INFO - o.s.b.a.e.web.EndpointLinksResolver [58] - Exposing 1 endpoint(s) beneath base path '/actuator'
2024-03-27 11:44:29.167 EDT - [main] - INFO - o.s.b.w.e.tomcat.TomcatWebServer [241] - Tomcat started on port 8443 (http) with context path ''
2024-03-27 11:44:29.175 EDT - [main] - INFO - com.busakie.avro.MainApplication [56] - Started MainApplication in 1.321 seconds (process running for 1.656)
2024-03-27 11:44:34.116 EDT - [http-nio-8443-exec-1] - INFO - o.a.c.c.C.[Tomcat].[localhost].[/] [173] - Initializing Spring DispatcherServlet 'dispatcherServlet'
2024-03-27 12:04:20.780 EDT - [RMI TCP Connection(26)-127.0.0.1] - INFO - o.s.b.a.SpringApplicationAdminMXBeanRegistrar$SpringApplicationAdmin [159] - Application shutdown requested.
